DEPRECATION WARNING: Inheriting from ActionView::Template::Handler is deprecated. Since Rails 3, all the API your template handler needs to implement is to respond to #call. (called from <module:TemplateHandlers> at /home/saasbook/Dropbox/fruitfulminds/vendor/plugins/prawnto/lib/prawnto/template_handlers/base.rb:3)
DEPRECATION WARNING: Including Compilable in your template handler is deprecated. Since Rails 3, all the API your template handler needs to implement is to respond to #call. (called from include at /home/saasbook/Dropbox/fruitfulminds/vendor/plugins/prawnto/lib/prawnto/template_handlers/base.rb:4)
DEPRECATION WARNING: Inheriting from ActionView::Template::Handler is deprecated. Since Rails 3, all the API your template handler needs to implement is to respond to #call. (called from <module:TemplateHandlers> at /home/saasbook/Dropbox/fruitfulminds/vendor/plugins/prawnto/lib/prawnto/template_handlers/dsl.rb:3)
DEPRECATION WARNING: Inheriting from ActionView::Template::Handler is deprecated. Since Rails 3, all the API your template handler needs to implement is to respond to #call. (called from <module:TemplateHandlers> at /home/saasbook/Dropbox/fruitfulminds/vendor/plugins/prawnto/lib/prawnto/template_handlers/raw.rb:3)
  [1m[36m (0.1ms)[0m  [1mselect sqlite_version(*)[0m
  [1m[35m (17.6ms)[0m  CREATE TABLE "schema_migrations" ("version" varchar(255) NOT NULL) 
  [1m[36m (0.0ms)[0m  [1mPRAGMA index_list("schema_migrations")[0m
  [1m[35m (6.3ms)[0m  CREATE UNIQUE INDEX "unique_schema_migrations" ON "schema_migrations" ("version")
  [1m[36m (10.9ms)[0m  [1mSELECT "schema_migrations"."version" FROM "schema_migrations" [0m
Migrating to CreateSchools (20121014035107)
  [1m[35m (0.4ms)[0m  CREATE TABLE "schools" ("id" INTEGER PRIMARY KEY AUTOINCREMENT NOT NULL, "name" varchar(255), "city" varchar(255), "county" varchar(255), "created_at" datetime, "updated_at" datetime) 
  [1m[36m (0.1ms)[0m  [1mINSERT INTO "schema_migrations" ("version") VALUES ('20121014035107')[0m
Migrating to CreateUsers (20121014214701)
  [1m[35m (0.4ms)[0m  CREATE TABLE "users" ("id" INTEGER PRIMARY KEY AUTOINCREMENT NOT NULL, "profile_id" integer, "school_semester_id" integer, "name" varchar(255), "email" varchar(255), "password_digest" varchar(255), "created_at" datetime, "updated_at" datetime) 
  [1m[36m (0.1ms)[0m  [1mINSERT INTO "schema_migrations" ("version") VALUES ('20121014214701')[0m
Migrating to CreateReport (20121015024258)
  [1m[35m (0.4ms)[0m  CREATE TABLE "reports" ("id" INTEGER PRIMARY KEY AUTOINCREMENT NOT NULL, "school_semester_id" integer, "main_title" text, "school_intro_title" text, "school_introduction" text, "eval_intro" text, "strength_weakness_title" text, "strengths" text, "weaknesses" text, "summary" text, "created_at" datetime, "updated_at" datetime) 
  [1m[36m (0.1ms)[0m  [1mINSERT INTO "schema_migrations" ("version") VALUES ('20121015024258')[0m
Migrating to CreateFoodJournals (20121027222901)
  [1m[35m (0.4ms)[0m  CREATE TABLE "food_journals" ("id" INTEGER PRIMARY KEY AUTOINCREMENT NOT NULL, "school_semester_id" integer, "student_name" varchar(255), "week_num" integer, "fruit" integer, "vegetable" integer, "sugary_drink" integer, "water" integer, "created_at" datetime, "updated_at" datetime) 
  [1m[36m (0.2ms)[0m  [1mINSERT INTO "schema_migrations" ("version") VALUES ('20121027222901')[0m
Migrating to CreateStaticContents (20121027224131)
  [1m[35m (0.7ms)[0m  CREATE TABLE "static_contents" ("id" INTEGER PRIMARY KEY AUTOINCREMENT NOT NULL, "report_id" integer, "intro_title" text, "introduction" text, "objectives_title" text, "objectives" text, "eval_title" text, "strength_weakness_intro" text, "strength_intro" text, "weakness_intro" text, "summary" text, "behavior_title" text, "behavior_intro" text, "agree_1" text, "agree_2" text, "agree_3" text, "agree_4" text, "agree_5" text, "agree_6" text, "agree_7" text, "agree_8" text, "agree_9" text, "agree_10" text, "slight_increase_header" text, "decrease_header" text, "slight_decrease_header" text, "summary_header" text, "increase_1_2" text, "increase_1" text, "increase_2" text, "increase_3_4" text, "increase_3" text, "increase_4" text, "increase_5_6_7" text, "increase_5_6" text, "increase_5_7" text, "increase_6_7" text, "increase_5" text, "increase_6" text, "increase_7" text, "increase_8_9_10" text, "increase_8_9" text, "increase_8_10" text, "increase_9_10" text, "increase_8" text, "increase_9" text, "increase_10" text, "decrease_1_2" text, "decrease_1" text, "decrease_2" text, "decrease_3_4" text, "decrease_3" text, "decrease_4" text, "decrease_5_6_7" text, "decrease_5_6" text, "decrease_5_7" text, "decrease_6_7" text, "decrease_5" text, "decrease_6" text, "decrease_7" text, "decrease_8_9_10" text, "decrease_8_9" text, "decrease_8_10" text, "decrease_9_10" text, "decrease_8" text, "decrease_9" text, "decrease_10" text, "food_journal_header" text, "food_journal_intro" text, "fj_increase_header" text, "fj_decrease_header" text, "fj_unfavorable_header" text, "fj_nonsig_header" text, "fj_favorable_header" text, "created_at" datetime, "updated_at" datetime) 
  [1m[36m (0.2ms)[0m  [1mINSERT INTO "schema_migrations" ("version") VALUES ('20121027224131')[0m
Migrating to Profile (20121028031850)
  [1m[35m (0.4ms)[0m  CREATE TABLE "profiles" ("id" INTEGER PRIMARY KEY AUTOINCREMENT NOT NULL, "label" varchar(255)) 
  [1m[36m (0.2ms)[0m  [1mINSERT INTO "schema_migrations" ("version") VALUES ('20121028031850')[0m
Migrating to AddNoteColumnToReports (20121028170323)
  [1m[35m (0.4ms)[0m  ALTER TABLE "reports" ADD "note" text
  [1m[36m (7.5ms)[0m  [1mINSERT INTO "schema_migrations" ("version") VALUES ('20121028170323')[0m
Migrating to CreatePresurveyPart1s (20121031104556)
  [1m[35m (2.9ms)[0m  CREATE TABLE "presurvey_part1s" ("id" INTEGER PRIMARY KEY AUTOINCREMENT NOT NULL, "school_semester_id" integer, "number_students" integer, "section_1_1" integer, "section_1_2" integer, "section_2_1" integer, "section_2_2" integer, "section_2_3" integer, "section_2_4" integer, "section_3_1" integer, "section_3_2" integer, "section_3_3" integer, "section_3_4" integer, "section_3_5" integer, "section_3_6" integer, "section_4_1" integer, "section_4_2" integer, "section_4_3" integer, "created_at" datetime, "updated_at" datetime) 
  [1m[36m (0.1ms)[0m  [1mINSERT INTO "schema_migrations" ("version") VALUES ('20121031104556')[0m
Migrating to CreateSchoolSemesters (20121031105232)
  [1m[35m (0.4ms)[0m  CREATE TABLE "school_semesters" ("id" INTEGER PRIMARY KEY AUTOINCREMENT NOT NULL, "school_id" integer, "name" varchar(255), "year" integer) 
  [1m[36m (0.2ms)[0m  [1mINSERT INTO "schema_migrations" ("version") VALUES ('20121031105232')[0m
Migrating to CreateEfficacies (20121031105508)
  [1m[35m (4.9ms)[0m  CREATE TABLE "efficacies" ("id" INTEGER PRIMARY KEY AUTOINCREMENT NOT NULL, "postsurvey_id" integer, "part2_id" integer, "efficacy_1" integer, "efficacy_2" integer, "efficacy_3" integer, "efficacy_4" integer, "efficacy_5" integer, "efficacy_6" integer, "efficacy_7" integer, "efficacy_8" integer, "efficacy_9" integer, "efficacy_10" integer, "number_students" integer, "created_at" datetime, "updated_at" datetime) 
  [1m[36m (0.2ms)[0m  [1mINSERT INTO "schema_migrations" ("version") VALUES ('20121031105508')[0m
Migrating to CreatePostsurveys (20121101171610)
  [1m[35m (0.5ms)[0m  CREATE TABLE "postsurveys" ("id" INTEGER PRIMARY KEY AUTOINCREMENT NOT NULL, "school_semester_id" integer, "section_1_1" integer, "section_1_2" integer, "section_2_1" integer, "section_2_2" integer, "section_2_3" integer, "section_2_4" integer, "section_3_1" integer, "section_3_2" integer, "section_3_3" integer, "section_3_4" integer, "section_3_5" integer, "section_3_6" integer, "section_4_1" integer, "section_4_2" integer, "section_4_3" integer, "section_5_1" integer, "section_5_2" integer, "section_6_1" integer, "section_6_2" integer, "section_6_3" integer, "section_6_4" integer, "number_students" integer, "created_at" datetime, "updated_at" datetime) 
  [1m[36m (0.2ms)[0m  [1mINSERT INTO "schema_migrations" ("version") VALUES ('20121101171610')[0m
Migrating to CreatePresurveyPart2s (20121102344844)
  [1m[35m (0.5ms)[0m  CREATE TABLE "presurvey_part2s" ("id" INTEGER PRIMARY KEY AUTOINCREMENT NOT NULL, "school_semester_id" integer, "number_students" integer, "section_5_1" integer, "section_5_2" integer, "section_6_1" integer, "section_6_2" integer, "section_6_3" integer, "section_6_4" integer, "created_at" datetime, "updated_at" datetime) 
  [1m[36m (0.2ms)[0m  [1mINSERT INTO "schema_migrations" ("version") VALUES ('20121102344844')[0m
Migrating to CreatePendingUsers (20121119010438)
  [1m[35m (0.4ms)[0m  CREATE TABLE "pending_users" ("user_id" integer, "created_at" datetime, "updated_at" datetime) 
  [1m[36m (0.0ms)[0m  [1mPRAGMA index_list("pending_users")[0m
  [1m[35m (0.3ms)[0m  CREATE UNIQUE INDEX "index_pending_users_on_user_id" ON "pending_users" ("user_id")
  [1m[36m (1.8ms)[0m  [1mINSERT INTO "schema_migrations" ("version") VALUES ('20121119010438')[0m
Migrating to AddSchoolAndSemesterColumnsToPendingUsers (20121128225847)
  [1m[35m (0.4ms)[0m  ALTER TABLE "pending_users" ADD "school_city" varchar(255)
  [1m[36m (0.1ms)[0m  [1mALTER TABLE "pending_users" ADD "school_name" varchar(255)[0m
  [1m[35m (0.1ms)[0m  ALTER TABLE "pending_users" ADD "school_county" varchar(255)
  [1m[36m (0.1ms)[0m  [1mALTER TABLE "pending_users" ADD "semester_name" varchar(255)[0m
  [1m[35m (0.1ms)[0m  ALTER TABLE "pending_users" ADD "semester_year" integer
  [1m[36m (0.2ms)[0m  [1mINSERT INTO "schema_migrations" ("version") VALUES ('20121128225847')[0m
Migrating to AddCollegeToUsers (20121128231117)
  [1m[35m (4.7ms)[0m  ALTER TABLE "users" ADD "college" varchar(255)
  [1m[36m (0.2ms)[0m  [1mINSERT INTO "schema_migrations" ("version") VALUES ('20121128231117')[0m
Migrating to AddDistrictToSchools (20121217051648)
  [1m[35m (0.4ms)[0m  ALTER TABLE "schools" ADD "district" varchar(255)
  [1m[36m (0.2ms)[0m  [1mINSERT INTO "schema_migrations" ("version") VALUES ('20121217051648')[0m
Migrating to AddDistrictToPendingUsers (20121217053337)
  [1m[35m (0.5ms)[0m  ALTER TABLE "pending_users" ADD "school_district" varchar(255)
  [1m[36m (0.1ms)[0m  [1mINSERT INTO "schema_migrations" ("version") VALUES ('20121217053337')[0m
  [1m[35m (0.5ms)[0m  select sqlite_version(*)
  [1m[36m (0.1ms)[0m  [1mSELECT "schema_migrations"."version" FROM "schema_migrations" [0m
  [1m[35m (0.0ms)[0m  PRAGMA index_list("efficacies")
  [1m[36m (0.0ms)[0m  [1mPRAGMA index_list("food_journals")[0m
  [1m[35m (0.0ms)[0m  PRAGMA index_list("pending_users")
  [1m[36m (0.0ms)[0m  [1mPRAGMA index_info('index_pending_users_on_user_id')[0m
  [1m[35m (0.0ms)[0m  PRAGMA index_list("postsurveys")
  [1m[36m (0.0ms)[0m  [1mPRAGMA index_list("presurvey_part1s")[0m
  [1m[35m (0.0ms)[0m  PRAGMA index_list("presurvey_part2s")
  [1m[36m (0.0ms)[0m  [1mPRAGMA index_list("profiles")[0m
  [1m[35m (0.0ms)[0m  PRAGMA index_list("reports")
  [1m[36m (0.0ms)[0m  [1mPRAGMA index_list("school_semesters")[0m
  [1m[35m (0.0ms)[0m  PRAGMA index_list("schools")
  [1m[36m (0.0ms)[0m  [1mPRAGMA index_list("static_contents")[0m
  [1m[35m (0.0ms)[0m  PRAGMA index_list("users")
DEPRECATION WARNING: Inheriting from ActionView::Template::Handler is deprecated. Since Rails 3, all the API your template handler needs to implement is to respond to #call. (called from <module:TemplateHandlers> at /home/saasbook/Dropbox/fruitfulminds/vendor/plugins/prawnto/lib/prawnto/template_handlers/base.rb:3)
DEPRECATION WARNING: Including Compilable in your template handler is deprecated. Since Rails 3, all the API your template handler needs to implement is to respond to #call. (called from include at /home/saasbook/Dropbox/fruitfulminds/vendor/plugins/prawnto/lib/prawnto/template_handlers/base.rb:4)
DEPRECATION WARNING: Inheriting from ActionView::Template::Handler is deprecated. Since Rails 3, all the API your template handler needs to implement is to respond to #call. (called from <module:TemplateHandlers> at /home/saasbook/Dropbox/fruitfulminds/vendor/plugins/prawnto/lib/prawnto/template_handlers/dsl.rb:3)
DEPRECATION WARNING: Inheriting from ActionView::Template::Handler is deprecated. Since Rails 3, all the API your template handler needs to implement is to respond to #call. (called from <module:TemplateHandlers> at /home/saasbook/Dropbox/fruitfulminds/vendor/plugins/prawnto/lib/prawnto/template_handlers/raw.rb:3)
  [1m[36m (13.8ms)[0m  [1mSELECT "schema_migrations"."version" FROM "schema_migrations" [0m
  [1m[35m (0.2ms)[0m  select sqlite_version(*)
  [1m[36m (69.2ms)[0m  [1mCREATE TABLE "efficacies" ("id" INTEGER PRIMARY KEY AUTOINCREMENT NOT NULL, "postsurvey_id" integer, "part2_id" integer, "efficacy_1" integer, "efficacy_2" integer, "efficacy_3" integer, "efficacy_4" integer, "efficacy_5" integer, "efficacy_6" integer, "efficacy_7" integer, "efficacy_8" integer, "efficacy_9" integer, "efficacy_10" integer, "number_students" integer, "created_at" datetime, "updated_at" datetime) [0m
  [1m[35m (45.7ms)[0m  CREATE TABLE "food_journals" ("id" INTEGER PRIMARY KEY AUTOINCREMENT NOT NULL, "school_semester_id" integer, "student_name" varchar(255), "week_num" integer, "fruit" integer, "vegetable" integer, "sugary_drink" integer, "water" integer, "created_at" datetime, "updated_at" datetime) 
  [1m[36m (28.9ms)[0m  [1mCREATE TABLE "pending_users" ("user_id" integer, "created_at" datetime, "updated_at" datetime, "school_city" varchar(255), "school_name" varchar(255), "school_county" varchar(255), "semester_name" varchar(255), "semester_year" integer, "school_district" varchar(255)) [0m
  [1m[35m (0.1ms)[0m  PRAGMA index_list("pending_users")
  [1m[36m (13.1ms)[0m  [1mCREATE UNIQUE INDEX "index_pending_users_on_user_id" ON "pending_users" ("user_id")[0m
  [1m[35m (37.0ms)[0m  CREATE TABLE "postsurveys" ("id" INTEGER PRIMARY KEY AUTOINCREMENT NOT NULL, "school_semester_id" integer, "section_1_1" integer, "section_1_2" integer, "section_2_1" integer, "section_2_2" integer, "section_2_3" integer, "section_2_4" integer, "section_3_1" integer, "section_3_2" integer, "section_3_3" integer, "section_3_4" integer, "section_3_5" integer, "section_3_6" integer, "section_4_1" integer, "section_4_2" integer, "section_4_3" integer, "section_5_1" integer, "section_5_2" integer, "section_6_1" integer, "section_6_2" integer, "section_6_3" integer, "section_6_4" integer, "number_students" integer, "created_at" datetime, "updated_at" datetime) 
  [1m[36m (24.0ms)[0m  [1mCREATE TABLE "presurvey_part1s" ("id" INTEGER PRIMARY KEY AUTOINCREMENT NOT NULL, "school_semester_id" integer, "number_students" integer, "section_1_1" integer, "section_1_2" integer, "section_2_1" integer, "section_2_2" integer, "section_2_3" integer, "section_2_4" integer, "section_3_1" integer, "section_3_2" integer, "section_3_3" integer, "section_3_4" integer, "section_3_5" integer, "section_3_6" integer, "section_4_1" integer, "section_4_2" integer, "section_4_3" integer, "created_at" datetime, "updated_at" datetime) [0m
  [1m[35m (17.9ms)[0m  CREATE TABLE "presurvey_part2s" ("id" INTEGER PRIMARY KEY AUTOINCREMENT NOT NULL, "school_semester_id" integer, "number_students" integer, "section_5_1" integer, "section_5_2" integer, "section_6_1" integer, "section_6_2" integer, "section_6_3" integer, "section_6_4" integer, "created_at" datetime, "updated_at" datetime) 
  [1m[36m (14.9ms)[0m  [1mCREATE TABLE "profiles" ("id" INTEGER PRIMARY KEY AUTOINCREMENT NOT NULL, "label" varchar(255)) [0m
  [1m[35m (16.1ms)[0m  CREATE TABLE "reports" ("id" INTEGER PRIMARY KEY AUTOINCREMENT NOT NULL, "school_semester_id" integer, "main_title" text, "school_intro_title" text, "school_introduction" text, "eval_intro" text, "strength_weakness_title" text, "strengths" text, "weaknesses" text, "summary" text, "created_at" datetime, "updated_at" datetime, "note" text) 
  [1m[36m (10.0ms)[0m  [1mCREATE TABLE "school_semesters" ("id" INTEGER PRIMARY KEY AUTOINCREMENT NOT NULL, "school_id" integer, "name" varchar(255), "year" integer) [0m
  [1m[35m (12.2ms)[0m  CREATE TABLE "schools" ("id" INTEGER PRIMARY KEY AUTOINCREMENT NOT NULL, "name" varchar(255), "city" varchar(255), "county" varchar(255), "created_at" datetime, "updated_at" datetime, "district" varchar(255)) 
  [1m[36m (14.3ms)[0m  [1mCREATE TABLE "static_contents" ("id" INTEGER PRIMARY KEY AUTOINCREMENT NOT NULL, "report_id" integer, "intro_title" text, "introduction" text, "objectives_title" text, "objectives" text, "eval_title" text, "strength_weakness_intro" text, "strength_intro" text, "weakness_intro" text, "summary" text, "behavior_title" text, "behavior_intro" text, "agree_1" text, "agree_2" text, "agree_3" text, "agree_4" text, "agree_5" text, "agree_6" text, "agree_7" text, "agree_8" text, "agree_9" text, "agree_10" text, "slight_increase_header" text, "decrease_header" text, "slight_decrease_header" text, "summary_header" text, "increase_1_2" text, "increase_1" text, "increase_2" text, "increase_3_4" text, "increase_3" text, "increase_4" text, "increase_5_6_7" text, "increase_5_6" text, "increase_5_7" text, "increase_6_7" text, "increase_5" text, "increase_6" text, "increase_7" text, "increase_8_9_10" text, "increase_8_9" text, "increase_8_10" text, "increase_9_10" text, "increase_8" text, "increase_9" text, "increase_10" text, "decrease_1_2" text, "decrease_1" text, "decrease_2" text, "decrease_3_4" text, "decrease_3" text, "decrease_4" text, "decrease_5_6_7" text, "decrease_5_6" text, "decrease_5_7" text, "decrease_6_7" text, "decrease_5" text, "decrease_6" text, "decrease_7" text, "decrease_8_9_10" text, "decrease_8_9" text, "decrease_8_10" text, "decrease_9_10" text, "decrease_8" text, "decrease_9" text, "decrease_10" text, "food_journal_header" text, "food_journal_intro" text, "fj_increase_header" text, "fj_decrease_header" text, "fj_unfavorable_header" text, "fj_nonsig_header" text, "fj_favorable_header" text, "created_at" datetime, "updated_at" datetime) [0m
  [1m[35m (9.8ms)[0m  CREATE TABLE "users" ("id" INTEGER PRIMARY KEY AUTOINCREMENT NOT NULL, "profile_id" integer, "school_semester_id" integer, "name" varchar(255), "email" varchar(255), "password_digest" varchar(255), "created_at" datetime, "updated_at" datetime, "college" varchar(255)) 
  [1m[36m (11.5ms)[0m  [1mCREATE TABLE "schema_migrations" ("version" varchar(255) NOT NULL) [0m
  [1m[35m (0.0ms)[0m  PRAGMA index_list("schema_migrations")
  [1m[36m (17.0ms)[0m  [1mCREATE UNIQUE INDEX "unique_schema_migrations" ON "schema_migrations" ("version")[0m
  [1m[35m (0.1ms)[0m  SELECT version FROM "schema_migrations"
  [1m[36m (20.4ms)[0m  [1mINSERT INTO "schema_migrations" (version) VALUES ('20121217053337')[0m
  [1m[35m (15.2ms)[0m  INSERT INTO "schema_migrations" (version) VALUES ('20121027224131')
  [1m[36m (13.6ms)[0m  [1mINSERT INTO "schema_migrations" (version) VALUES ('20121028170323')[0m
  [1m[35m (13.0ms)[0m  INSERT INTO "schema_migrations" (version) VALUES ('20121015024258')
  [1m[36m (21.8ms)[0m  [1mINSERT INTO "schema_migrations" (version) VALUES ('20121102344844')[0m
  [1m[35m (13.1ms)[0m  INSERT INTO "schema_migrations" (version) VALUES ('20121014035107')
  [1m[36m (11.1ms)[0m  [1mINSERT INTO "schema_migrations" (version) VALUES ('20121031105508')[0m
  [1m[35m (18.2ms)[0m  INSERT INTO "schema_migrations" (version) VALUES ('20121014214701')
  [1m[36m (21.5ms)[0m  [1mINSERT INTO "schema_migrations" (version) VALUES ('20121031104556')[0m
  [1m[35m (13.7ms)[0m  INSERT INTO "schema_migrations" (version) VALUES ('20121128225847')
  [1m[36m (9.9ms)[0m  [1mINSERT INTO "schema_migrations" (version) VALUES ('20121031105232')[0m
  [1m[35m (44.2ms)[0m  INSERT INTO "schema_migrations" (version) VALUES ('20121128231117')
  [1m[36m (8.9ms)[0m  [1mINSERT INTO "schema_migrations" (version) VALUES ('20121119010438')[0m
  [1m[35m (13.3ms)[0m  INSERT INTO "schema_migrations" (version) VALUES ('20121101171610')
  [1m[36m (25.7ms)[0m  [1mINSERT INTO "schema_migrations" (version) VALUES ('20121217051648')[0m
  [1m[35m (38.7ms)[0m  INSERT INTO "schema_migrations" (version) VALUES ('20121028031850')
  [1m[36m (38.5ms)[0m  [1mINSERT INTO "schema_migrations" (version) VALUES ('20121027222901')[0m
DEPRECATION WARNING: Inheriting from ActionView::Template::Handler is deprecated. Since Rails 3, all the API your template handler needs to implement is to respond to #call. (called from <module:TemplateHandlers> at /home/saasbook/Dropbox/fruitfulminds/vendor/plugins/prawnto/lib/prawnto/template_handlers/base.rb:3)
DEPRECATION WARNING: Including Compilable in your template handler is deprecated. Since Rails 3, all the API your template handler needs to implement is to respond to #call. (called from include at /home/saasbook/Dropbox/fruitfulminds/vendor/plugins/prawnto/lib/prawnto/template_handlers/base.rb:4)
DEPRECATION WARNING: Inheriting from ActionView::Template::Handler is deprecated. Since Rails 3, all the API your template handler needs to implement is to respond to #call. (called from <module:TemplateHandlers> at /home/saasbook/Dropbox/fruitfulminds/vendor/plugins/prawnto/lib/prawnto/template_handlers/dsl.rb:3)
DEPRECATION WARNING: Inheriting from ActionView::Template::Handler is deprecated. Since Rails 3, all the API your template handler needs to implement is to respond to #call. (called from <module:TemplateHandlers> at /home/saasbook/Dropbox/fruitfulminds/vendor/plugins/prawnto/lib/prawnto/template_handlers/raw.rb:3)


Started GET "/" for 127.0.0.1 at 2013-10-20 17:51:33 -0700


Started GET "/portal" for 127.0.0.1 at 2013-10-20 17:51:34 -0700
  Processing by HomeController#portal as HTML
  [1m[36mUser Load (0.2ms)[0m  [1mSELECT "users".* FROM "users" WHERE "users"."id" IS NULL LIMIT 1[0m
Redirected to http://localhost:3000/login
Completed 302 Found in 158ms


Started GET "/login" for 127.0.0.1 at 2013-10-20 17:51:35 -0700
  Processing by SessionsController#new as HTML
Rendered sessions/new.html.haml within layouts/application (8.6ms)
Compiled application.css  (5ms)  (pid 11480)
Compiled bootstrap.min.css  (35ms)  (pid 11480)
Compiled food_journals.css  (27ms)  (pid 11480)
Compiled postsurveys.css  (2ms)  (pid 11480)
Compiled presurveys.css  (2ms)  (pid 11480)
Compiled schools.css  (15ms)  (pid 11480)
Compiled users.css  (0ms)  (pid 11480)
Compiled application.js  (116ms)  (pid 11480)
Compiled jquery.js  (8ms)  (pid 11480)
Compiled jquery_ujs.js  (8ms)  (pid 11480)
Compiled food_journals.js  (493ms)  (pid 11480)
Compiled postsurveys.js  (1ms)  (pid 11480)
Compiled presurveys.js  (0ms)  (pid 11480)
Compiled schools.js  (4ms)  (pid 11480)
Completed 200 OK in 1078ms (Views: 1078.1ms | ActiveRecord: 0.0ms)


Started GET "/assets/application.css?body=1" for 127.0.0.1 at 2013-10-20 17:51:36 -0700
Served asset /application.css - 200 OK (183ms)


Started GET "/assets/food_journals.css?body=1" for 127.0.0.1 at 2013-10-20 17:51:36 -0700
Served asset /food_journals.css - 200 OK (38ms)


Started GET "/assets/bootstrap.min.css?body=1" for 127.0.0.1 at 2013-10-20 17:51:36 -0700
Served asset /bootstrap.min.css - 200 OK (18ms)


Started GET "/assets/postsurveys.css?body=1" for 127.0.0.1 at 2013-10-20 17:51:36 -0700
Served asset /postsurveys.css - 200 OK (10ms)


Started GET "/assets/schools.css?body=1" for 127.0.0.1 at 2013-10-20 17:51:36 -0700
Served asset /schools.css - 200 OK (32ms)


Started GET "/assets/presurveys.css?body=1" for 127.0.0.1 at 2013-10-20 17:51:37 -0700
Served asset /presurveys.css - 200 OK (24ms)


Started GET "/assets/users.css?body=1" for 127.0.0.1 at 2013-10-20 17:51:37 -0700
Served asset /users.css - 200 OK (12ms)


Started GET "/assets/jquery.js?body=1" for 127.0.0.1 at 2013-10-20 17:51:37 -0700
Served asset /jquery.js - 304 Not Modified (11ms)


Started GET "/assets/jquery_ujs.js?body=1" for 127.0.0.1 at 2013-10-20 17:51:37 -0700
Served asset /jquery_ujs.js - 304 Not Modified (5ms)


Started GET "/assets/food_journals.js?body=1" for 127.0.0.1 at 2013-10-20 17:51:37 -0700
Served asset /food_journals.js - 200 OK (19ms)


Started GET "/assets/postsurveys.js?body=1" for 127.0.0.1 at 2013-10-20 17:51:37 -0700
Served asset /postsurveys.js - 200 OK (8ms)


Started GET "/assets/presurveys.js?body=1" for 127.0.0.1 at 2013-10-20 17:51:37 -0700
Served asset /presurveys.js - 200 OK (12ms)


Started GET "/assets/application.js?body=1" for 127.0.0.1 at 2013-10-20 17:51:37 -0700
Served asset /application.js - 200 OK (48ms)


Started GET "/assets/schools.js?body=1" for 127.0.0.1 at 2013-10-20 17:51:37 -0700
Served asset /schools.js - 200 OK (2ms)


Started GET "/assets/fm_icon.jpg" for 127.0.0.1 at 2013-10-20 17:51:37 -0700
Served asset /fm_icon.jpg - 200 OK (11ms)


Started POST "/sessions" for 127.0.0.1 at 2013-10-20 17:51:48 -0700
  Processing by SessionsController#create as HTML
  Parameters: {"utf8"=>"✓", "authenticity_token"=>"uVqTF5gWY7tY6Tf9QA6ymfBDWGfcwnv+6YhTG0cryGU=", "user"=>{"email"=>"user@fruitfulminds.org", "password"=>"[FILTERED]"}, "commit"=>"Sign In"}
  [1m[35mUser Load (0.1ms)[0m  SELECT "users".* FROM "users" WHERE "users"."email" = 'user@fruitfulminds.org' LIMIT 1
Redirected to http://localhost:3000/login
Completed 302 Found in 50ms


Started GET "/login" for 127.0.0.1 at 2013-10-20 17:51:49 -0700
  Processing by SessionsController#new as HTML
Rendered sessions/new.html.haml within layouts/application (9.8ms)
Completed 200 OK in 24ms (Views: 19.4ms | ActiveRecord: 0.0ms)


Started GET "/assets/application.css?body=1" for 127.0.0.1 at 2013-10-20 17:51:49 -0700
Served asset /application.css - 304 Not Modified (0ms)


Started GET "/assets/food_journals.css?body=1" for 127.0.0.1 at 2013-10-20 17:51:49 -0700
Served asset /food_journals.css - 304 Not Modified (0ms)


Started GET "/assets/postsurveys.css?body=1" for 127.0.0.1 at 2013-10-20 17:51:49 -0700
Served asset /postsurveys.css - 304 Not Modified (0ms)


Started GET "/assets/schools.css?body=1" for 127.0.0.1 at 2013-10-20 17:51:49 -0700
Served asset /schools.css - 304 Not Modified (0ms)


Started GET "/assets/bootstrap.min.css?body=1" for 127.0.0.1 at 2013-10-20 17:51:49 -0700
Served asset /bootstrap.min.css - 304 Not Modified (0ms)


Started GET "/assets/presurveys.css?body=1" for 127.0.0.1 at 2013-10-20 17:51:49 -0700
Served asset /presurveys.css - 304 Not Modified (0ms)


Started GET "/assets/food_journals.js?body=1" for 127.0.0.1 at 2013-10-20 17:51:49 -0700
Served asset /food_journals.js - 304 Not Modified (0ms)


Started GET "/assets/jquery_ujs.js?body=1" for 127.0.0.1 at 2013-10-20 17:51:49 -0700
Served asset /jquery_ujs.js - 304 Not Modified (0ms)


Started GET "/assets/postsurveys.js?body=1" for 127.0.0.1 at 2013-10-20 17:51:49 -0700
Served asset /postsurveys.js - 304 Not Modified (0ms)


Started GET "/assets/users.css?body=1" for 127.0.0.1 at 2013-10-20 17:51:49 -0700
Served asset /users.css - 304 Not Modified (0ms)


Started GET "/assets/presurveys.js?body=1" for 127.0.0.1 at 2013-10-20 17:51:49 -0700
Served asset /presurveys.js - 304 Not Modified (0ms)


Started GET "/assets/jquery.js?body=1" for 127.0.0.1 at 2013-10-20 17:51:49 -0700
Served asset /jquery.js - 304 Not Modified (0ms)


Started GET "/assets/schools.js?body=1" for 127.0.0.1 at 2013-10-20 17:51:49 -0700
Served asset /schools.js - 304 Not Modified (0ms)


Started GET "/assets/application.js?body=1" for 127.0.0.1 at 2013-10-20 17:51:49 -0700
Served asset /application.js - 304 Not Modified (0ms)


Started POST "/sessions" for 127.0.0.1 at 2013-10-20 17:52:15 -0700
  Processing by SessionsController#create as HTML
  Parameters: {"utf8"=>"✓", "authenticity_token"=>"uVqTF5gWY7tY6Tf9QA6ymfBDWGfcwnv+6YhTG0cryGU=", "user"=>{"email"=>"admin@fruitfulminds.org", "password"=>"[FILTERED]"}, "commit"=>"Sign In"}
  [1m[36mUser Load (0.1ms)[0m  [1mSELECT "users".* FROM "users" WHERE "users"."email" = 'admin@fruitfulminds.org' LIMIT 1[0m
Redirected to http://localhost:3000/login
Completed 302 Found in 55ms


Started GET "/login" for 127.0.0.1 at 2013-10-20 17:52:15 -0700
  Processing by SessionsController#new as HTML
Rendered sessions/new.html.haml within layouts/application (1.1ms)
Completed 200 OK in 14ms (Views: 13.8ms | ActiveRecord: 0.0ms)


Started GET "/assets/application.css?body=1" for 127.0.0.1 at 2013-10-20 17:52:15 -0700
Served asset /application.css - 304 Not Modified (0ms)


Started GET "/assets/schools.css?body=1" for 127.0.0.1 at 2013-10-20 17:52:15 -0700
Served asset /schools.css - 304 Not Modified (0ms)


Started GET "/assets/presurveys.css?body=1" for 127.0.0.1 at 2013-10-20 17:52:15 -0700
Served asset /presurveys.css - 304 Not Modified (0ms)


Started GET "/assets/postsurveys.css?body=1" for 127.0.0.1 at 2013-10-20 17:52:15 -0700
Served asset /postsurveys.css - 304 Not Modified (0ms)


Started GET "/assets/food_journals.css?body=1" for 127.0.0.1 at 2013-10-20 17:52:15 -0700
Served asset /food_journals.css - 304 Not Modified (0ms)


Started GET "/assets/bootstrap.min.css?body=1" for 127.0.0.1 at 2013-10-20 17:52:16 -0700
Served asset /bootstrap.min.css - 304 Not Modified (0ms)


Started GET "/assets/users.css?body=1" for 127.0.0.1 at 2013-10-20 17:52:16 -0700
Served asset /users.css - 304 Not Modified (0ms)


Started GET "/assets/food_journals.js?body=1" for 127.0.0.1 at 2013-10-20 17:52:16 -0700
Served asset /food_journals.js - 304 Not Modified (0ms)


Started GET "/assets/postsurveys.js?body=1" for 127.0.0.1 at 2013-10-20 17:52:16 -0700
Served asset /postsurveys.js - 304 Not Modified (0ms)


Started GET "/assets/jquery.js?body=1" for 127.0.0.1 at 2013-10-20 17:52:16 -0700
Served asset /jquery.js - 304 Not Modified (3ms)


Started GET "/assets/jquery_ujs.js?body=1" for 127.0.0.1 at 2013-10-20 17:52:16 -0700
Served asset /jquery_ujs.js - 304 Not Modified (0ms)


Started GET "/assets/presurveys.js?body=1" for 127.0.0.1 at 2013-10-20 17:52:16 -0700
Served asset /presurveys.js - 304 Not Modified (0ms)


Started GET "/assets/schools.js?body=1" for 127.0.0.1 at 2013-10-20 17:52:16 -0700
Served asset /schools.js - 304 Not Modified (0ms)


Started GET "/assets/application.js?body=1" for 127.0.0.1 at 2013-10-20 17:52:16 -0700
Served asset /application.js - 304 Not Modified (0ms)
DEPRECATION WARNING: Inheriting from ActionView::Template::Handler is deprecated. Since Rails 3, all the API your template handler needs to implement is to respond to #call. (called from <module:TemplateHandlers> at /home/saasbook/Dropbox/fruitfulminds/vendor/plugins/prawnto/lib/prawnto/template_handlers/base.rb:3)
DEPRECATION WARNING: Including Compilable in your template handler is deprecated. Since Rails 3, all the API your template handler needs to implement is to respond to #call. (called from include at /home/saasbook/Dropbox/fruitfulminds/vendor/plugins/prawnto/lib/prawnto/template_handlers/base.rb:4)
DEPRECATION WARNING: Inheriting from ActionView::Template::Handler is deprecated. Since Rails 3, all the API your template handler needs to implement is to respond to #call. (called from <module:TemplateHandlers> at /home/saasbook/Dropbox/fruitfulminds/vendor/plugins/prawnto/lib/prawnto/template_handlers/dsl.rb:3)
DEPRECATION WARNING: Inheriting from ActionView::Template::Handler is deprecated. Since Rails 3, all the API your template handler needs to implement is to respond to #call. (called from <module:TemplateHandlers> at /home/saasbook/Dropbox/fruitfulminds/vendor/plugins/prawnto/lib/prawnto/template_handlers/raw.rb:3)
  [1m[36m (2.9ms)[0m  [1mSELECT "schema_migrations"."version" FROM "schema_migrations" [0m
  [1m[35m (0.3ms)[0m  select sqlite_version(*)
  [1m[36m (38.4ms)[0m  [1mCREATE TABLE "efficacies" ("id" INTEGER PRIMARY KEY AUTOINCREMENT NOT NULL, "postsurvey_id" integer, "part2_id" integer, "efficacy_1" integer, "efficacy_2" integer, "efficacy_3" integer, "efficacy_4" integer, "efficacy_5" integer, "efficacy_6" integer, "efficacy_7" integer, "efficacy_8" integer, "efficacy_9" integer, "efficacy_10" integer, "number_students" integer, "created_at" datetime, "updated_at" datetime) [0m
  [1m[35m (25.4ms)[0m  CREATE TABLE "food_journals" ("id" INTEGER PRIMARY KEY AUTOINCREMENT NOT NULL, "school_semester_id" integer, "student_name" varchar(255), "week_num" integer, "fruit" integer, "vegetable" integer, "sugary_drink" integer, "water" integer, "created_at" datetime, "updated_at" datetime) 
  [1m[36m (40.3ms)[0m  [1mCREATE TABLE "pending_users" ("user_id" integer, "created_at" datetime, "updated_at" datetime, "school_city" varchar(255), "school_name" varchar(255), "school_county" varchar(255), "semester_name" varchar(255), "semester_year" integer, "school_district" varchar(255)) [0m
  [1m[35m (0.1ms)[0m  PRAGMA index_list("pending_users")
  [1m[36m (8.9ms)[0m  [1mCREATE UNIQUE INDEX "index_pending_users_on_user_id" ON "pending_users" ("user_id")[0m
  [1m[35m (9.6ms)[0m  CREATE TABLE "postsurveys" ("id" INTEGER PRIMARY KEY AUTOINCREMENT NOT NULL, "school_semester_id" integer, "section_1_1" integer, "section_1_2" integer, "section_2_1" integer, "section_2_2" integer, "section_2_3" integer, "section_2_4" integer, "section_3_1" integer, "section_3_2" integer, "section_3_3" integer, "section_3_4" integer, "section_3_5" integer, "section_3_6" integer, "section_4_1" integer, "section_4_2" integer, "section_4_3" integer, "section_5_1" integer, "section_5_2" integer, "section_6_1" integer, "section_6_2" integer, "section_6_3" integer, "section_6_4" integer, "number_students" integer, "created_at" datetime, "updated_at" datetime) 
  [1m[36m (10.5ms)[0m  [1mCREATE TABLE "presurvey_part1s" ("id" INTEGER PRIMARY KEY AUTOINCREMENT NOT NULL, "school_semester_id" integer, "number_students" integer, "section_1_1" integer, "section_1_2" integer, "section_2_1" integer, "section_2_2" integer, "section_2_3" integer, "section_2_4" integer, "section_3_1" integer, "section_3_2" integer, "section_3_3" integer, "section_3_4" integer, "section_3_5" integer, "section_3_6" integer, "section_4_1" integer, "section_4_2" integer, "section_4_3" integer, "created_at" datetime, "updated_at" datetime) [0m
  [1m[35m (13.3ms)[0m  CREATE TABLE "presurvey_part2s" ("id" INTEGER PRIMARY KEY AUTOINCREMENT NOT NULL, "school_semester_id" integer, "number_students" integer, "section_5_1" integer, "section_5_2" integer, "section_6_1" integer, "section_6_2" integer, "section_6_3" integer, "section_6_4" integer, "created_at" datetime, "updated_at" datetime) 
  [1m[36m (14.7ms)[0m  [1mCREATE TABLE "profiles" ("id" INTEGER PRIMARY KEY AUTOINCREMENT NOT NULL, "label" varchar(255)) [0m
  [1m[35m (10.7ms)[0m  CREATE TABLE "reports" ("id" INTEGER PRIMARY KEY AUTOINCREMENT NOT NULL, "school_semester_id" integer, "main_title" text, "school_intro_title" text, "school_introduction" text, "eval_intro" text, "strength_weakness_title" text, "strengths" text, "weaknesses" text, "summary" text, "created_at" datetime, "updated_at" datetime, "note" text) 
  [1m[36m (9.0ms)[0m  [1mCREATE TABLE "school_semesters" ("id" INTEGER PRIMARY KEY AUTOINCREMENT NOT NULL, "school_id" integer, "name" varchar(255), "year" integer) [0m
  [1m[35m (6.6ms)[0m  CREATE TABLE "schools" ("id" INTEGER PRIMARY KEY AUTOINCREMENT NOT NULL, "name" varchar(255), "city" varchar(255), "county" varchar(255), "created_at" datetime, "updated_at" datetime, "district" varchar(255)) 
  [1m[36m (13.0ms)[0m  [1mCREATE TABLE "static_contents" ("id" INTEGER PRIMARY KEY AUTOINCREMENT NOT NULL, "report_id" integer, "intro_title" text, "introduction" text, "objectives_title" text, "objectives" text, "eval_title" text, "strength_weakness_intro" text, "strength_intro" text, "weakness_intro" text, "summary" text, "behavior_title" text, "behavior_intro" text, "agree_1" text, "agree_2" text, "agree_3" text, "agree_4" text, "agree_5" text, "agree_6" text, "agree_7" text, "agree_8" text, "agree_9" text, "agree_10" text, "slight_increase_header" text, "decrease_header" text, "slight_decrease_header" text, "summary_header" text, "increase_1_2" text, "increase_1" text, "increase_2" text, "increase_3_4" text, "increase_3" text, "increase_4" text, "increase_5_6_7" text, "increase_5_6" text, "increase_5_7" text, "increase_6_7" text, "increase_5" text, "increase_6" text, "increase_7" text, "increase_8_9_10" text, "increase_8_9" text, "increase_8_10" text, "increase_9_10" text, "increase_8" text, "increase_9" text, "increase_10" text, "decrease_1_2" text, "decrease_1" text, "decrease_2" text, "decrease_3_4" text, "decrease_3" text, "decrease_4" text, "decrease_5_6_7" text, "decrease_5_6" text, "decrease_5_7" text, "decrease_6_7" text, "decrease_5" text, "decrease_6" text, "decrease_7" text, "decrease_8_9_10" text, "decrease_8_9" text, "decrease_8_10" text, "decrease_9_10" text, "decrease_8" text, "decrease_9" text, "decrease_10" text, "food_journal_header" text, "food_journal_intro" text, "fj_increase_header" text, "fj_decrease_header" text, "fj_unfavorable_header" text, "fj_nonsig_header" text, "fj_favorable_header" text, "created_at" datetime, "updated_at" datetime) [0m
  [1m[35m (14.3ms)[0m  CREATE TABLE "users" ("id" INTEGER PRIMARY KEY AUTOINCREMENT NOT NULL, "profile_id" integer, "school_semester_id" integer, "name" varchar(255), "email" varchar(255), "password_digest" varchar(255), "created_at" datetime, "updated_at" datetime, "college" varchar(255)) 
  [1m[36m (19.4ms)[0m  [1mCREATE TABLE "schema_migrations" ("version" varchar(255) NOT NULL) [0m
  [1m[35m (0.0ms)[0m  PRAGMA index_list("schema_migrations")
  [1m[36m (14.3ms)[0m  [1mCREATE UNIQUE INDEX "unique_schema_migrations" ON "schema_migrations" ("version")[0m
  [1m[35m (0.1ms)[0m  SELECT version FROM "schema_migrations"
  [1m[36m (12.8ms)[0m  [1mINSERT INTO "schema_migrations" (version) VALUES ('20121217053337')[0m
  [1m[35m (13.4ms)[0m  INSERT INTO "schema_migrations" (version) VALUES ('20121027224131')
  [1m[36m (10.0ms)[0m  [1mINSERT INTO "schema_migrations" (version) VALUES ('20121028170323')[0m
  [1m[35m (11.6ms)[0m  INSERT INTO "schema_migrations" (version) VALUES ('20121015024258')
  [1m[36m (12.3ms)[0m  [1mINSERT INTO "schema_migrations" (version) VALUES ('20121102344844')[0m
  [1m[35m (10.9ms)[0m  INSERT INTO "schema_migrations" (version) VALUES ('20121014035107')
  [1m[36m (6.8ms)[0m  [1mINSERT INTO "schema_migrations" (version) VALUES ('20121031105508')[0m
  [1m[35m (11.2ms)[0m  INSERT INTO "schema_migrations" (version) VALUES ('20121014214701')
  [1m[36m (6.6ms)[0m  [1mINSERT INTO "schema_migrations" (version) VALUES ('20121031104556')[0m
  [1m[35m (11.5ms)[0m  INSERT INTO "schema_migrations" (version) VALUES ('20121128225847')
  [1m[36m (10.7ms)[0m  [1mINSERT INTO "schema_migrations" (version) VALUES ('20121031105232')[0m
  [1m[35m (12.1ms)[0m  INSERT INTO "schema_migrations" (version) VALUES ('20121128231117')
  [1m[36m (12.5ms)[0m  [1mINSERT INTO "schema_migrations" (version) VALUES ('20121119010438')[0m
  [1m[35m (10.4ms)[0m  INSERT INTO "schema_migrations" (version) VALUES ('20121101171610')
  [1m[36m (9.9ms)[0m  [1mINSERT INTO "schema_migrations" (version) VALUES ('20121217051648')[0m
  [1m[35m (11.9ms)[0m  INSERT INTO "schema_migrations" (version) VALUES ('20121028031850')
  [1m[36m (7.8ms)[0m  [1mINSERT INTO "schema_migrations" (version) VALUES ('20121027222901')[0m
DEPRECATION WARNING: Inheriting from ActionView::Template::Handler is deprecated. Since Rails 3, all the API your template handler needs to implement is to respond to #call. (called from <module:TemplateHandlers> at /home/saasbook/Dropbox/fruitfulminds/vendor/plugins/prawnto/lib/prawnto/template_handlers/base.rb:3)
DEPRECATION WARNING: Including Compilable in your template handler is deprecated. Since Rails 3, all the API your template handler needs to implement is to respond to #call. (called from include at /home/saasbook/Dropbox/fruitfulminds/vendor/plugins/prawnto/lib/prawnto/template_handlers/base.rb:4)
DEPRECATION WARNING: Inheriting from ActionView::Template::Handler is deprecated. Since Rails 3, all the API your template handler needs to implement is to respond to #call. (called from <module:TemplateHandlers> at /home/saasbook/Dropbox/fruitfulminds/vendor/plugins/prawnto/lib/prawnto/template_handlers/dsl.rb:3)
DEPRECATION WARNING: Inheriting from ActionView::Template::Handler is deprecated. Since Rails 3, all the API your template handler needs to implement is to respond to #call. (called from <module:TemplateHandlers> at /home/saasbook/Dropbox/fruitfulminds/vendor/plugins/prawnto/lib/prawnto/template_handlers/raw.rb:3)


Started POST "/sessions" for 127.0.0.1 at 2013-10-20 18:33:36 -0700
  Processing by SessionsController#create as HTML
  Parameters: {"utf8"=>"✓", "authenticity_token"=>"uVqTF5gWY7tY6Tf9QA6ymfBDWGfcwnv+6YhTG0cryGU=", "user"=>{"email"=>"user@fruitfulminds.org", "password"=>"[FILTERED]"}, "commit"=>"Sign In"}
  [1m[36mUser Load (3.5ms)[0m  [1mSELECT "users".* FROM "users" WHERE "users"."email" = 'user@fruitfulminds.org' LIMIT 1[0m
Redirected to http://localhost:3000/login
Completed 302 Found in 234ms


Started GET "/login" for 127.0.0.1 at 2013-10-20 18:33:38 -0700
  Processing by SessionsController#new as HTML
Rendered sessions/new.html.haml within layouts/application (91.7ms)
Completed 200 OK in 307ms (Views: 305.3ms | ActiveRecord: 0.0ms)


Started GET "/assets/application.css?body=1" for 127.0.0.1 at 2013-10-20 18:33:38 -0700
Served asset /application.css - 304 Not Modified (0ms)


Started GET "/assets/food_journals.css?body=1" for 127.0.0.1 at 2013-10-20 18:33:38 -0700
Served asset /food_journals.css - 304 Not Modified (36ms)


Started GET "/assets/bootstrap.min.css?body=1" for 127.0.0.1 at 2013-10-20 18:33:38 -0700
Served asset /bootstrap.min.css - 304 Not Modified (1ms)


Started GET "/assets/postsurveys.css?body=1" for 127.0.0.1 at 2013-10-20 18:33:38 -0700
Served asset /postsurveys.css - 304 Not Modified (1ms)


Started GET "/assets/schools.css?body=1" for 127.0.0.1 at 2013-10-20 18:33:38 -0700
Served asset /schools.css - 304 Not Modified (1ms)


Started GET "/assets/presurveys.css?body=1" for 127.0.0.1 at 2013-10-20 18:33:38 -0700
Served asset /presurveys.css - 304 Not Modified (1ms)


Started GET "/assets/users.css?body=1" for 127.0.0.1 at 2013-10-20 18:33:38 -0700
Served asset /users.css - 304 Not Modified (1ms)


Started GET "/assets/jquery.js?body=1" for 127.0.0.1 at 2013-10-20 18:33:38 -0700
Served asset /jquery.js - 304 Not Modified (21ms)


Started GET "/assets/jquery_ujs.js?body=1" for 127.0.0.1 at 2013-10-20 18:33:39 -0700
Served asset /jquery_ujs.js - 304 Not Modified (1ms)


Started GET "/assets/food_journals.js?body=1" for 127.0.0.1 at 2013-10-20 18:33:39 -0700
Served asset /food_journals.js - 304 Not Modified (1ms)


Started GET "/assets/postsurveys.js?body=1" for 127.0.0.1 at 2013-10-20 18:33:39 -0700
Served asset /postsurveys.js - 304 Not Modified (1ms)


Started GET "/assets/application.js?body=1" for 127.0.0.1 at 2013-10-20 18:33:39 -0700
Served asset /application.js - 304 Not Modified (0ms)


Started GET "/assets/presurveys.js?body=1" for 127.0.0.1 at 2013-10-20 18:33:39 -0700
Served asset /presurveys.js - 304 Not Modified (1ms)


Started GET "/assets/schools.js?body=1" for 127.0.0.1 at 2013-10-20 18:33:39 -0700
Served asset /schools.js - 304 Not Modified (1ms)


Started GET "/assets/fm_icon.jpg" for 127.0.0.1 at 2013-10-20 18:33:39 -0700
Served asset /fm_icon.jpg - 304 Not Modified (1ms)


Started POST "/sessions" for 127.0.0.1 at 2013-10-20 18:33:43 -0700
  Processing by SessionsController#create as HTML
  Parameters: {"utf8"=>"✓", "authenticity_token"=>"uVqTF5gWY7tY6Tf9QA6ymfBDWGfcwnv+6YhTG0cryGU=", "user"=>{"email"=>"admin@f", "password"=>"[FILTERED]"}, "commit"=>"Sign In"}
  [1m[35mUser Load (0.1ms)[0m  SELECT "users".* FROM "users" WHERE "users"."email" = 'admin@f' LIMIT 1
Redirected to http://localhost:3000/login
Completed 302 Found in 80ms


Started GET "/login" for 127.0.0.1 at 2013-10-20 18:33:44 -0700
  Processing by SessionsController#new as HTML
Rendered sessions/new.html.haml within layouts/application (17.8ms)
Completed 200 OK in 33ms (Views: 32.4ms | ActiveRecord: 0.0ms)


Started GET "/assets/application.css?body=1" for 127.0.0.1 at 2013-10-20 18:33:44 -0700
Served asset /application.css - 304 Not Modified (0ms)


Started GET "/assets/bootstrap.min.css?body=1" for 127.0.0.1 at 2013-10-20 18:33:44 -0700
Served asset /bootstrap.min.css - 304 Not Modified (0ms)


Started GET "/assets/presurveys.css?body=1" for 127.0.0.1 at 2013-10-20 18:33:44 -0700
Served asset /presurveys.css - 304 Not Modified (0ms)


Started GET "/assets/postsurveys.css?body=1" for 127.0.0.1 at 2013-10-20 18:33:44 -0700
Served asset /postsurveys.css - 304 Not Modified (0ms)


Started GET "/assets/schools.css?body=1" for 127.0.0.1 at 2013-10-20 18:33:44 -0700
Served asset /schools.css - 304 Not Modified (0ms)


Started GET "/assets/food_journals.css?body=1" for 127.0.0.1 at 2013-10-20 18:33:44 -0700
Served asset /food_journals.css - 304 Not Modified (0ms)


Started GET "/assets/users.css?body=1" for 127.0.0.1 at 2013-10-20 18:33:44 -0700
Served asset /users.css - 304 Not Modified (0ms)


Started GET "/assets/jquery_ujs.js?body=1" for 127.0.0.1 at 2013-10-20 18:33:44 -0700
Served asset /jquery_ujs.js - 304 Not Modified (0ms)


Started GET "/assets/food_journals.js?body=1" for 127.0.0.1 at 2013-10-20 18:33:44 -0700
Served asset /food_journals.js - 304 Not Modified (0ms)


Started GET "/assets/presurveys.js?body=1" for 127.0.0.1 at 2013-10-20 18:33:44 -0700
Served asset /presurveys.js - 304 Not Modified (0ms)


Started GET "/assets/postsurveys.js?body=1" for 127.0.0.1 at 2013-10-20 18:33:44 -0700
Served asset /postsurveys.js - 304 Not Modified (0ms)


Started GET "/assets/jquery.js?body=1" for 127.0.0.1 at 2013-10-20 18:33:44 -0700
Served asset /jquery.js - 304 Not Modified (0ms)


Started GET "/assets/application.js?body=1" for 127.0.0.1 at 2013-10-20 18:33:44 -0700
Served asset /application.js - 304 Not Modified (0ms)


Started GET "/assets/schools.js?body=1" for 127.0.0.1 at 2013-10-20 18:33:44 -0700
Served asset /schools.js - 304 Not Modified (0ms)


Started GET "/assets/fm_icon.jpg" for 127.0.0.1 at 2013-10-20 18:33:45 -0700
Served asset /fm_icon.jpg - 304 Not Modified (0ms)


Started POST "/sessions" for 127.0.0.1 at 2013-10-20 18:33:51 -0700
  Processing by SessionsController#create as HTML
  Parameters: {"utf8"=>"✓", "authenticity_token"=>"uVqTF5gWY7tY6Tf9QA6ymfBDWGfcwnv+6YhTG0cryGU=", "user"=>{"email"=>"admin@fruitfulminds.org", "password"=>"[FILTERED]"}, "commit"=>"Sign In"}
  [1m[36mUser Load (0.1ms)[0m  [1mSELECT "users".* FROM "users" WHERE "users"."email" = 'admin@fruitfulminds.org' LIMIT 1[0m
Redirected to http://localhost:3000/login
Completed 302 Found in 100ms


Started GET "/login" for 127.0.0.1 at 2013-10-20 18:33:51 -0700
  Processing by SessionsController#new as HTML
Rendered sessions/new.html.haml within layouts/application (13.5ms)
Completed 200 OK in 34ms (Views: 33.4ms | ActiveRecord: 0.0ms)


Started GET "/assets/application.css?body=1" for 127.0.0.1 at 2013-10-20 18:33:52 -0700
Served asset /application.css - 304 Not Modified (9ms)


Started GET "/assets/food_journals.css?body=1" for 127.0.0.1 at 2013-10-20 18:33:52 -0700
Served asset /food_journals.css - 304 Not Modified (0ms)


Started GET "/assets/bootstrap.min.css?body=1" for 127.0.0.1 at 2013-10-20 18:33:52 -0700
Served asset /bootstrap.min.css - 304 Not Modified (4ms)


Started GET "/assets/presurveys.css?body=1" for 127.0.0.1 at 2013-10-20 18:33:52 -0700
Served asset /presurveys.css - 304 Not Modified (0ms)


Started GET "/assets/postsurveys.css?body=1" for 127.0.0.1 at 2013-10-20 18:33:52 -0700
Served asset /postsurveys.css - 304 Not Modified (0ms)


Started GET "/assets/schools.css?body=1" for 127.0.0.1 at 2013-10-20 18:33:52 -0700
Served asset /schools.css - 304 Not Modified (0ms)


Started GET "/assets/users.css?body=1" for 127.0.0.1 at 2013-10-20 18:33:52 -0700
Served asset /users.css - 304 Not Modified (0ms)


Started GET "/assets/food_journals.js?body=1" for 127.0.0.1 at 2013-10-20 18:33:52 -0700
Served asset /food_journals.js - 304 Not Modified (0ms)


Started GET "/assets/jquery_ujs.js?body=1" for 127.0.0.1 at 2013-10-20 18:33:52 -0700
Served asset /jquery_ujs.js - 304 Not Modified (0ms)


Started GET "/assets/jquery.js?body=1" for 127.0.0.1 at 2013-10-20 18:33:52 -0700
Served asset /jquery.js - 304 Not Modified (0ms)


Started GET "/assets/postsurveys.js?body=1" for 127.0.0.1 at 2013-10-20 18:33:52 -0700
Served asset /postsurveys.js - 304 Not Modified (0ms)


Started GET "/assets/presurveys.js?body=1" for 127.0.0.1 at 2013-10-20 18:33:52 -0700
Served asset /presurveys.js - 304 Not Modified (0ms)


Started GET "/assets/schools.js?body=1" for 127.0.0.1 at 2013-10-20 18:33:52 -0700
Served asset /schools.js - 304 Not Modified (0ms)


Started GET "/assets/application.js?body=1" for 127.0.0.1 at 2013-10-20 18:33:52 -0700
Served asset /application.js - 304 Not Modified (0ms)


Started GET "/assets/fm_icon.jpg" for 127.0.0.1 at 2013-10-20 18:33:52 -0700
Served asset /fm_icon.jpg - 304 Not Modified (0ms)
DEPRECATION WARNING: Inheriting from ActionView::Template::Handler is deprecated. Since Rails 3, all the API your template handler needs to implement is to respond to #call. (called from <module:TemplateHandlers> at /home/saasbook/Dropbox/fruitfulminds/vendor/plugins/prawnto/lib/prawnto/template_handlers/base.rb:3)
DEPRECATION WARNING: Including Compilable in your template handler is deprecated. Since Rails 3, all the API your template handler needs to implement is to respond to #call. (called from include at /home/saasbook/Dropbox/fruitfulminds/vendor/plugins/prawnto/lib/prawnto/template_handlers/base.rb:4)
DEPRECATION WARNING: Inheriting from ActionView::Template::Handler is deprecated. Since Rails 3, all the API your template handler needs to implement is to respond to #call. (called from <module:TemplateHandlers> at /home/saasbook/Dropbox/fruitfulminds/vendor/plugins/prawnto/lib/prawnto/template_handlers/dsl.rb:3)
DEPRECATION WARNING: Inheriting from ActionView::Template::Handler is deprecated. Since Rails 3, all the API your template handler needs to implement is to respond to #call. (called from <module:TemplateHandlers> at /home/saasbook/Dropbox/fruitfulminds/vendor/plugins/prawnto/lib/prawnto/template_handlers/raw.rb:3)
  [1m[36m (3.1ms)[0m  [1mSELECT "schema_migrations"."version" FROM "schema_migrations" [0m
  [1m[35m (0.2ms)[0m  SELECT 1 FROM "profiles" WHERE "profiles"."label" = 'admin' LIMIT 1
  [1m[36mSQL (4.1ms)[0m  [1mINSERT INTO "profiles" ("label") VALUES (?)[0m  [["label", "admin"]]
  [1m[35m (0.3ms)[0m  SELECT 1 FROM "profiles" WHERE "profiles"."label" = 'ambassador' LIMIT 1
  [1m[36mSQL (0.3ms)[0m  [1mINSERT INTO "profiles" ("label") VALUES (?)[0m  [["label", "ambassador"]]
Binary data inserted for `string` type on column `password_digest`
  [1m[35mSQL (9.1ms)[0m  INSERT INTO "users" ("college", "created_at", "email", "name", "password_digest", "profile_id", "school_semester_id", "updated_at") VALUES (?, ?, ?, ?, ?, ?, ?, ?)  [["college", nil], ["created_at", Mon, 21 Oct 2013 01:36:10 UTC +00:00], ["email", "admin@fruitfulminds.org"], ["name", "admin account"], ["password_digest", "$2a$10$H4jpxueHBUPJENyT9Fa8q.GzrLn/TM8ZvvbzRiM/B15Fhs3V0YUKi"], ["profile_id", 1], ["school_semester_id", nil], ["updated_at", Mon, 21 Oct 2013 01:36:10 UTC +00:00]]
Binary data inserted for `string` type on column `password_digest`
  [1m[36mSQL (9.1ms)[0m  [1mINSERT INTO "users" ("college", "created_at", "email", "name", "password_digest", "profile_id", "school_semester_id", "updated_at") VALUES (?, ?, ?, ?, ?, ?, ?, ?)[0m  [["college", nil], ["created_at", Mon, 21 Oct 2013 01:36:10 UTC +00:00], ["email", "admin2@fruitfulminds.org"], ["name", "another admin account"], ["password_digest", "$2a$10$YNcuXePuOu2UzUnYfm5QZOB3Nw/eLhTTzEKwuXcxtBKdBzKGurE4."], ["profile_id", 1], ["school_semester_id", nil], ["updated_at", Mon, 21 Oct 2013 01:36:10 UTC +00:00]]
Binary data inserted for `string` type on column `password_digest`
  [1m[35mSQL (8.1ms)[0m  INSERT INTO "users" ("college", "created_at", "email", "name", "password_digest", "profile_id", "school_semester_id", "updated_at") VALUES (?, ?, ?, ?, ?, ?, ?, ?)  [["college", nil], ["created_at", Mon, 21 Oct 2013 01:36:11 UTC +00:00], ["email", "user@fruitfulminds.org"], ["name", "fm ambassador account"], ["password_digest", "$2a$10$h3GCsNmn0S9UySrtukUCgeJ5KeTVOhItHRSzpksPMcJ0tmS2w4Vwe"], ["profile_id", 2], ["school_semester_id", 2], ["updated_at", Mon, 21 Oct 2013 01:36:11 UTC +00:00]]
Binary data inserted for `string` type on column `password_digest`
  [1m[36mSQL (7.1ms)[0m  [1mINSERT INTO "users" ("college", "created_at", "email", "name", "password_digest", "profile_id", "school_semester_id", "updated_at") VALUES (?, ?, ?, ?, ?, ?, ?, ?)[0m  [["college", nil], ["created_at", Mon, 21 Oct 2013 01:36:11 UTC +00:00], ["email", "ambassador@fruitfulminds.org"], ["name", "another fm ambassador account"], ["password_digest", "$2a$10$oPbfvMt1BU6PIFuP3sxY0.QltwnvDPjGTfNEJC8pU/nTisQdrc0jS"], ["profile_id", 2], ["school_semester_id", 1], ["updated_at", Mon, 21 Oct 2013 01:36:11 UTC +00:00]]
  [1m[35mSQL (0.9ms)[0m  INSERT INTO "schools" ("city", "county", "created_at", "district", "name", "updated_at") VALUES (?, ?, ?, ?, ?, ?)  [["city", "Piedmont"], ["county", "Alameda"], ["created_at", Mon, 21 Oct 2013 01:36:11 UTC +00:00], ["district", nil], ["name", "Haven's Elementary"], ["updated_at", Mon, 21 Oct 2013 01:36:11 UTC +00:00]]
  [1m[36mSQL (0.4ms)[0m  [1mINSERT INTO "schools" ("city", "county", "created_at", "district", "name", "updated_at") VALUES (?, ?, ?, ?, ?, ?)[0m  [["city", "Oakland"], ["county", "Alameda"], ["created_at", Mon, 21 Oct 2013 01:36:11 UTC +00:00], ["district", nil], ["name", "Ascend School (Elementary)"], ["updated_at", Mon, 21 Oct 2013 01:36:11 UTC +00:00]]
  [1m[35mSQL (0.4ms)[0m  INSERT INTO "schools" ("city", "county", "created_at", "district", "name", "updated_at") VALUES (?, ?, ?, ?, ?, ?)  [["city", "Oakland"], ["county", "Alameda"], ["created_at", Mon, 21 Oct 2013 01:36:11 UTC +00:00], ["district", nil], ["name", "Urban Promise Academy (Middle)"], ["updated_at", Mon, 21 Oct 2013 01:36:11 UTC +00:00]]
  [1m[36mSQL (0.4ms)[0m  [1mINSERT INTO "schools" ("city", "county", "created_at", "district", "name", "updated_at") VALUES (?, ?, ?, ?, ?, ?)[0m  [["city", "Alamo"], ["county", "Contra Costa"], ["created_at", Mon, 21 Oct 2013 01:36:11 UTC +00:00], ["district", nil], ["name", "Rancho Romero Elementary"], ["updated_at", Mon, 21 Oct 2013 01:36:11 UTC +00:00]]
  [1m[35mSQL (0.4ms)[0m  INSERT INTO "schools" ("city", "county", "created_at", "district", "name", "updated_at") VALUES (?, ?, ?, ?, ?, ?)  [["city", "Berkeley"], ["county", "Alameda"], ["created_at", Mon, 21 Oct 2013 01:36:11 UTC +00:00], ["district", nil], ["name", "Berkeley Arts Magnet Elementary"], ["updated_at", Mon, 21 Oct 2013 01:36:11 UTC +00:00]]
  [1m[36mSQL (0.3ms)[0m  [1mINSERT INTO "schools" ("city", "county", "created_at", "district", "name", "updated_at") VALUES (?, ?, ?, ?, ?, ?)[0m  [["city", "Berkeley"], ["county", "Alameda"], ["created_at", Mon, 21 Oct 2013 01:36:11 UTC +00:00], ["district", nil], ["name", "Emerson Elementary"], ["updated_at", Mon, 21 Oct 2013 01:36:11 UTC +00:00]]
  [1m[35mSQL (0.4ms)[0m  INSERT INTO "schools" ("city", "county", "created_at", "district", "name", "updated_at") VALUES (?, ?, ?, ?, ?, ?)  [["city", "Berkeley"], ["county", "Alameda"], ["created_at", Mon, 21 Oct 2013 01:36:11 UTC +00:00], ["district", nil], ["name", "King Middle"], ["updated_at", Mon, 21 Oct 2013 01:36:11 UTC +00:00]]
  [1m[36mSQL (0.4ms)[0m  [1mINSERT INTO "schools" ("city", "county", "created_at", "district", "name", "updated_at") VALUES (?, ?, ?, ?, ?, ?)[0m  [["city", "Berkeley"], ["county", "Alameda"], ["created_at", Mon, 21 Oct 2013 01:36:11 UTC +00:00], ["district", nil], ["name", "LeConte Elementary"], ["updated_at", Mon, 21 Oct 2013 01:36:11 UTC +00:00]]
  [1m[35mSQL (0.4ms)[0m  INSERT INTO "schools" ("city", "county", "created_at", "district", "name", "updated_at") VALUES (?, ?, ?, ?, ?, ?)  [["city", "Berkeley"], ["county", "Alameda"], ["created_at", Mon, 21 Oct 2013 01:36:11 UTC +00:00], ["district", nil], ["name", "Longfellow Middle"], ["updated_at", Mon, 21 Oct 2013 01:36:11 UTC +00:00]]
  [1m[36mSQL (0.4ms)[0m  [1mINSERT INTO "schools" ("city", "county", "created_at", "district", "name", "updated_at") VALUES (?, ?, ?, ?, ?, ?)[0m  [["city", "Berkeley"], ["county", "Alameda"], ["created_at", Mon, 21 Oct 2013 01:36:11 UTC +00:00], ["district", nil], ["name", "Oxford Elementary"], ["updated_at", Mon, 21 Oct 2013 01:36:11 UTC +00:00]]
  [1m[35mSQL (0.4ms)[0m  INSERT INTO "schools" ("city", "county", "created_at", "district", "name", "updated_at") VALUES (?, ?, ?, ?, ?, ?)  [["city", "Berkeley"], ["county", "Alameda"], ["created_at", Mon, 21 Oct 2013 01:36:11 UTC +00:00], ["district", nil], ["name", "Realm Charter Middle"], ["updated_at", Mon, 21 Oct 2013 01:36:11 UTC +00:00]]
  [1m[36mSQL (0.5ms)[0m  [1mINSERT INTO "schools" ("city", "county", "created_at", "district", "name", "updated_at") VALUES (?, ?, ?, ?, ?, ?)[0m  [["city", "Berkeley"], ["county", "Alameda"], ["created_at", Mon, 21 Oct 2013 01:36:11 UTC +00:00], ["district", nil], ["name", "Thousand Oaks Elementary"], ["updated_at", Mon, 21 Oct 2013 01:36:11 UTC +00:00]]
  [1m[35mSQL (0.4ms)[0m  INSERT INTO "schools" ("city", "county", "created_at", "district", "name", "updated_at") VALUES (?, ?, ?, ?, ?, ?)  [["city", "Berkeley"], ["county", "Alameda"], ["created_at", Mon, 21 Oct 2013 01:36:11 UTC +00:00], ["district", nil], ["name", "Washington Elementary"], ["updated_at", Mon, 21 Oct 2013 01:36:11 UTC +00:00]]
  [1m[36mSQL (0.5ms)[0m  [1mINSERT INTO "schools" ("city", "county", "created_at", "district", "name", "updated_at") VALUES (?, ?, ?, ?, ?, ?)[0m  [["city", "Berkeley"], ["county", "Alameda"], ["created_at", Mon, 21 Oct 2013 01:36:11 UTC +00:00], ["district", nil], ["name", "Willard Middle"], ["updated_at", Mon, 21 Oct 2013 01:36:11 UTC +00:00]]
  [1m[35mSQL (3.3ms)[0m  INSERT INTO "school_semesters" ("name", "school_id", "year") VALUES (?, ?, ?)  [["name", "Fall"], ["school_id", 1], ["year", 2012]]
  [1m[36mSQL (0.3ms)[0m  [1mINSERT INTO "school_semesters" ("name", "school_id", "year") VALUES (?, ?, ?)[0m  [["name", "Fall"], ["school_id", 2], ["year", 2012]]
  [1m[35mSQL (0.3ms)[0m  INSERT INTO "school_semesters" ("name", "school_id", "year") VALUES (?, ?, ?)  [["name", "Fall"], ["school_id", 3], ["year", 2012]]
  [1m[36mSQL (0.3ms)[0m  [1mINSERT INTO "school_semesters" ("name", "school_id", "year") VALUES (?, ?, ?)[0m  [["name", "Fall"], ["school_id", 4], ["year", 2012]]
  [1m[35mSQL (0.3ms)[0m  INSERT INTO "school_semesters" ("name", "school_id", "year") VALUES (?, ?, ?)  [["name", "Fall"], ["school_id", 5], ["year", 2012]]
  [1m[36mSQL (0.3ms)[0m  [1mINSERT INTO "school_semesters" ("name", "school_id", "year") VALUES (?, ?, ?)[0m  [["name", "Fall"], ["school_id", 6], ["year", 2012]]
  [1m[35mSQL (0.3ms)[0m  INSERT INTO "school_semesters" ("name", "school_id", "year") VALUES (?, ?, ?)  [["name", "Fall"], ["school_id", 7], ["year", 2012]]
  [1m[36mSQL (0.3ms)[0m  [1mINSERT INTO "school_semesters" ("name", "school_id", "year") VALUES (?, ?, ?)[0m  [["name", "Fall"], ["school_id", 8], ["year", 2012]]
  [1m[35mSQL (0.3ms)[0m  INSERT INTO "school_semesters" ("name", "school_id", "year") VALUES (?, ?, ?)  [["name", "Fall"], ["school_id", 9], ["year", 2012]]
  [1m[36mSQL (0.3ms)[0m  [1mINSERT INTO "school_semesters" ("name", "school_id", "year") VALUES (?, ?, ?)[0m  [["name", "Fall"], ["school_id", 10], ["year", 2012]]
  [1m[35mSQL (0.3ms)[0m  INSERT INTO "school_semesters" ("name", "school_id", "year") VALUES (?, ?, ?)  [["name", "Fall"], ["school_id", 11], ["year", 2012]]
  [1m[36mSQL (0.3ms)[0m  [1mINSERT INTO "school_semesters" ("name", "school_id", "year") VALUES (?, ?, ?)[0m  [["name", "Fall"], ["school_id", 12], ["year", 2012]]
  [1m[35mSQL (0.3ms)[0m  INSERT INTO "school_semesters" ("name", "school_id", "year") VALUES (?, ?, ?)  [["name", "Fall"], ["school_id", 13], ["year", 2012]]
  [1m[36mSQL (1.8ms)[0m  [1mINSERT INTO "static_contents" ("agree_1", "agree_10", "agree_2", "agree_3", "agree_4", "agree_5", "agree_6", "agree_7", "agree_8", "agree_9", "behavior_intro", "behavior_title", "created_at", "decrease_1", "decrease_10", "decrease_1_2", "decrease_2", "decrease_3", "decrease_3_4", "decrease_4", "decrease_5", "decrease_5_6", "decrease_5_6_7", "decrease_5_7", "decrease_6", "decrease_6_7", "decrease_7", "decrease_8", "decrease_8_10", "decrease_8_9", "decrease_8_9_10", "decrease_9", "decrease_9_10", "decrease_header", "eval_title", "fj_decrease_header", "fj_favorable_header", "fj_increase_header", "fj_nonsig_header", "fj_unfavorable_header", "food_journal_header", "food_journal_intro", "increase_1", "increase_10", "increase_1_2", "increase_2", "increase_3", "increase_3_4", "increase_4", "increase_5", "increase_5_6", "increase_5_6_7", "increase_5_7", "increase_6", "increase_6_7", "increase_7", "increase_8", "increase_8_10", "increase_8_9", "increase_8_9_10", "increase_9", "increase_9_10", "intro_title", "introduction", "objectives", "objectives_title", "report_id", "slight_decrease_header", "slight_increase_header", "strength_intro", "strength_weakness_intro", "summary", "summary_header", "updated_at", "weakness_intro") VALUES (?, ?, ?, ?, ?, ?, ?, ?, ?, ?, ?, ?, ?, ?, ?, ?, ?, ?, ?, ?, ?, ?, ?, ?, ?, ?, ?, ?, ?, ?, ?, ?, ?, ?, ?, ?, ?, ?, ?, ?, ?, ?, ?, ?, ?, ?, ?, ?, ?, ?, ?, ?, ?, ?, ?, ?, ?, ?, ?, ?, ?, ?, ?, ?, ?, ?, ?, ?, ?, ?, ?, ?, ?, ?, ?)[0m  [["agree_1", "Prepare a healthy snack to eat at home"], ["agree_10", "Ignore an advertisement for junk food after watching it"], ["agree_2", "Prepare a healthy snack to take and eat at school"], ["agree_3", "Eat at least 1 fruit at home at least 4 times a week"], ["agree_4", "Eat at least 1 vegetable at home at least 4 times a week"], ["agree_5", "Feel comfortable talking with parent and/or guardian about food"], ["agree_6", "Feel comfortable asking parent and/or guardian to buy junk food"], ["agree_7", "Feel comfortable asking parent and/or guardian to buy healthy snacks"], ["agree_8", "Read a nutrition label to figure out whether or not a food item is as healthy as the advertisement says"], ["agree_9", "Want to buy and eat junk food after watching an advertisement"], ["behavior_intro", "In addition to examining improvements in curriculum knowledge, Fruitful Minds measures efficacy by seeing whether the lessons have been effective in increasing student ability to make changes in their own lives. Students rated their agreement with statements about their confidence in their ability to improve their diet and activity habits as part of the pre and post surveys."], ["behavior_title", "Behavior/Efficacy Section"], ["created_at", Mon, 21 Oct 2013 01:36:12 UTC +00:00], ["decrease_1", "Students felt less confident that they could prepare healthy snacks to eat at home."], ["decrease_10", "Lessons about media were not effective for students. Students were less confident that they could ignore advertisements for junk food."], ["decrease_1_2", "Healthy snack demonstrations were found to be ineffective because students did not learn how they could prepare healthy snacks on their own to eat at home. They also did not feel that they could make the snacks and bring them to school to eat."], ["decrease_2", "Students felt less confident that they could prepare healthy snacks to bring to school."], ["decrease_3", "There was decreased student confidence that they could consume at least 1 vegetable 4 times a week."], ["decrease_3_4", "The lesson series decreased student confidence that they could consume at least 1 vegetable and 1 fruit 4 times a week."], ["decrease_4", "There was decreased student confidence that they could consume at least 1 fruit 4 times a week."], ["decrease_5", "Students felt less comfortable talking to their parents and/or guardians about food in general."], ["decrease_5_6", "Students felt less comfortable talking to their parents and/or guardians about food in general and also felt they could not ask for junk food when grocery shopping."], ["decrease_5_6_7", "Students became less confident communicating with their parents and/or guardians about food. Students felt less comfortable talking to their parents and/or guardians about food in general and also felt they could not ask for junk food or healthy snacks when grocery shopping."], ["decrease_5_7", "Students felt less comfortable talking to their parents and/or guardians about food in general and also felt they could not ask for healthy snacks when grocery shopping."], ["decrease_6", "Students felt less comfortable asking parents and/or guardians for junk food when grocery shopping."], ["decrease_6_7", "Students felt less comfortable asking parents and/or guardians for junk food or healthy snacks when grocery shopping."], ["decrease_7", "Students felt less comfortable asking parents and/or guardians for healthy snacks when grocery shopping."], ["decrease_8", "Nutrition label lessons were not effective for students because they felt less confident that they could use the nutrition label to verify health claims from ads."], ["decrease_8_10", "Lessons about media and nutrition labeling were not effective for students. They felt less confident that they could use the nutrition label to verify health claims from ads and did not feel that they could ignore advertisements for junk food."], ["decrease_8_9", "Nutrition label lessons were not effective for students because they felt less confident that they could use the nutrition label to verify health claims from ads. However, there was less agreement that students would want to eat and buy junk food after watching advertisements."], ["decrease_8_9_10", "Nutrition label lessons were not effective for students because they felt less confident that they could use the nutrition label to verify health claims from ads. Students felt less confident that they could ignore advertisements for junk food but they also felt that they would not feel like buying or eating the advertised food."], ["decrease_9", "There was less agreement that students would want to eat and buy junk food after watching advertisements."], ["decrease_9_10", "Lessons about media were partially effective for students. Students felt less confident that they could ignore advertisements for junk food but they also felt that they would not feel like buying or eating the advertised food."], ["decrease_header", "There was a significant decrease in agreement that students could"], ["eval_title", "Curriculum Evaluations"], ["fj_decrease_header", "There was a significant decrease in the average number of servings between week 1 and week 8 for"], ["fj_favorable_header", "FOR FAVORABLE:"], ["fj_increase_header", "There was a significant increase in the average number of servings between week 1 and week 8 for"], ["fj_nonsig_header", "FOR NON-SIGNIFICANT:"], ["fj_unfavorable_header", "FOR UNFAVORABLE:"], ["food_journal_header", "Food Journals:"], ["food_journal_intro", "Students also kept food journals throughout the lessons to measure increases or decreases in fruit, vegetable, sugary drinks, and water intake."], ["increase_1", "Healthy snack demonstrations were found to be effective because students learned how they could prepare healthy snacks on their own to eat at home."], ["increase_10", "Lessons about media were effective for students, who were more confident that they could ignore advertisements for junk food."], ["increase_1_2", "Healthy snack demonstrations were found to be effective because students learned how they could prepare healthy snacks on their own to eat at home. They also felt that they could make the snacks and bring them to school to eat."], ["increase_2", "Healthy snack demonstrations were found to be effective in increasing confidence that students could prepare healthy snacks to bring to school."], ["increase_3", "The lesson series increased student confidence that they could consume at least 1 vegetable 4 times a week."], ["increase_3_4", "The lesson series increased student confidence that they could consume at least 1 vegetable and 1 fruit 4 times a week."], ["increase_4", "If 4 only: The lesson series increased student confidence that they could consume at least 1 fruit 4 times a week."], ["increase_5", "Fruitful Minds lessons were partially effective in increasing communication between students and parents and/or guardians about food. Students felt more comfortable talking to their parenst and/or guardians about food in general."], ["increase_5_6", "Fruitful Minds lessons were partially effective in increasing communication between students and parents and/or guardians about food. Students felt more comfortable talking to their parents and/or guardians about food in general and also felt they could ask for junk food when grocery shopping."], ["increase_5_6_7", "Fruitful Minds lessons were effective in increasing communication between students and parents and/or guardians about food. Students felt more comfortable talking to their parents and/or guardians about food in general and also felt they could ask for either junk food or healthy snacks when grocery shopping."], ["increase_5_7", "Fruitful Minds lessons were partially effective in increasing communication between students and parents and/or guardians about food. Students felt more comfortable talking to their parents and/or guardians about food in general and also felt they could ask for healthy snacks when grocery shopping."], ["increase_6", "Fruitful Minds lessons were partially effective in increasing communication between students and parents and/or guardians about food. Students felt more comfortable asking their parents and/or guardians for junk food when grocery shopping."], ["increase_6_7", "Fruitful Minds lessons were partially effective in increasing communication between students and parents and/or guardians about food. Students felt more comfortable that they could ask for either junk food or healthy snacks when grocery shopping."], ["increase_7", "Fruitful Minds lessons were partially effective in increasing communication between students and parents and/or guardians about food. Students felt more comfortable asking their parents and/or guardians for healthy snacks when grocery shopping."], ["increase_8", "Nutrition label lessons were effective for students because they felt more confident that they could use the nutrition label to verify health claims from ads."], ["increase_8_10", "Lessons about media and nutrition labeling were effective for students. They felt more confident that they could use the nutrition label to verify health claims from ads. They also felt that they could ignore advertisements for junk food."], ["increase_8_9", "Nutrition label lessons were effective for students because they felt more confident that they could use the nutrition label to verify health claims from ads. However, more students agreed that they wanted to eat and buy junk food after watching advertisements."], ["increase_8_9_10", "Nutrition label lessons were effective for students because they felt more confident that they could use the nutrition label to verify health claims from ads. More students agreed that they wanted to eat and buy junk food after watching advertisements; however, they also felt more confident that they could ultimately ignore the advertisements."], ["increase_9", "Unfortunately, more students agreed that they wanted to eat and buy junk food after watching advertisements."], ["increase_9_10", "Lessons about media were partially effective for students. More students agreed that they wanted to eat and buy junk food after watching advertisements; however, they also felt more confident that they could ultimately ignore the advertisements."], ["intro_title", "Intro to Fruitful Minds"], ["introduction", "Fruitful Minds is a start up, non-profit organization providing nutrition education to youth at greatest risk for obesity and related illnesses.  The program recruits young people with a passion for health and education from local colleges and universities like UC Berkeley to develop curriculum and instruct children through classroom presentation, after school sports programs and summer camps.  While many nutrition programs exist today, Fruitful Minds is unique in its targeting of at-risk youth, customized approach and use of college students to deliver the program.  The goal of Fruitful Minds is to identify elementary schools, middle schools, and community centers where a nutrition education component is lacking and partner with existing sports, cooking or gardening programs to form a complete education focused on ending the escalating rate of obesity among at-risk youth."], ["objectives", nil], ["objectives_title", "Fruitful Minds 7-Week Lesson Objectives"], ["report_id", nil], ["slight_decrease_header", "There was a slight decrease in agreement that students could"], ["slight_increase_header", "There was a slight increase in agreement that students could"], ["strength_intro", "Strengths:"], ["strength_weakness_intro", "Based on the pre- and post-curriculum surveys, as well as feedback from the ambassadors, we identified areas of strength and weaknesses. Below is a list of strengths and weaknesses of the class series:"], ["summary", "Based on our evaluation, we plan to spend more time developing the concepts that proved to be incompletely understood at the completion of the lesson series, and include more in-class activities that reinforce these learning objectives."], ["summary_header", "Summary of findings:"], ["updated_at", Mon, 21 Oct 2013 01:36:12 UTC +00:00], ["weakness_intro", "Weaknesses:"]]
DEPRECATION WARNING: Inheriting from ActionView::Template::Handler is deprecated. Since Rails 3, all the API your template handler needs to implement is to respond to #call. (called from <module:TemplateHandlers> at /home/saasbook/Dropbox/fruitfulminds/vendor/plugins/prawnto/lib/prawnto/template_handlers/base.rb:3)
DEPRECATION WARNING: Including Compilable in your template handler is deprecated. Since Rails 3, all the API your template handler needs to implement is to respond to #call. (called from include at /home/saasbook/Dropbox/fruitfulminds/vendor/plugins/prawnto/lib/prawnto/template_handlers/base.rb:4)
DEPRECATION WARNING: Inheriting from ActionView::Template::Handler is deprecated. Since Rails 3, all the API your template handler needs to implement is to respond to #call. (called from <module:TemplateHandlers> at /home/saasbook/Dropbox/fruitfulminds/vendor/plugins/prawnto/lib/prawnto/template_handlers/dsl.rb:3)
DEPRECATION WARNING: Inheriting from ActionView::Template::Handler is deprecated. Since Rails 3, all the API your template handler needs to implement is to respond to #call. (called from <module:TemplateHandlers> at /home/saasbook/Dropbox/fruitfulminds/vendor/plugins/prawnto/lib/prawnto/template_handlers/raw.rb:3)


Started POST "/sessions" for 127.0.0.1 at 2013-10-20 18:36:23 -0700
  Processing by SessionsController#create as HTML
  Parameters: {"utf8"=>"✓", "authenticity_token"=>"uVqTF5gWY7tY6Tf9QA6ymfBDWGfcwnv+6YhTG0cryGU=", "user"=>{"email"=>"admin@fruitfulminds.org", "password"=>"[FILTERED]"}, "commit"=>"Sign In"}
  [1m[36mUser Load (0.2ms)[0m  [1mSELECT "users".* FROM "users" WHERE "users"."email" = 'admin@fruitfulminds.org' LIMIT 1[0m
  [1m[35mPendingUser Load (0.2ms)[0m  SELECT "pending_users".* FROM "pending_users" WHERE "pending_users"."user_id" = 1 LIMIT 1
  [1m[36mProfile Load (0.1ms)[0m  [1mSELECT "profiles".* FROM "profiles" WHERE "profiles"."id" = 1 LIMIT 1[0m
  [1m[35mPendingUser Load (0.2ms)[0m  SELECT "pending_users".* FROM "pending_users" LIMIT 1
Redirected to http://localhost:3000/portal
Completed 302 Found in 668ms


Started GET "/portal" for 127.0.0.1 at 2013-10-20 18:36:25 -0700
  Processing by HomeController#portal as HTML
  [1m[36mUser Load (0.1ms)[0m  [1mSELECT "users".* FROM "users" WHERE "users"."id" = 1 LIMIT 1[0m
  [1m[35mProfile Load (0.8ms)[0m  SELECT "profiles".* FROM "profiles" WHERE "profiles"."id" = 1 LIMIT 1
  [1m[36mPresurvey::Part1 Load (0.2ms)[0m  [1mSELECT "presurvey_part1s".* FROM "presurvey_part1s" [0m
  [1m[35mPresurvey::Part2 Load (0.3ms)[0m  SELECT "presurvey_part2s".* FROM "presurvey_part2s" 
  [1m[36mPostsurvey Load (0.3ms)[0m  [1mSELECT "postsurveys".* FROM "postsurveys" [0m
  [1m[35mFoodJournal Load (0.2ms)[0m  SELECT "food_journals".* FROM "food_journals" 
Rendered home/portal.html.haml within layouts/application (475.7ms)
Completed 200 OK in 1015ms (Views: 950.4ms | ActiveRecord: 8.1ms)


Started GET "/assets/application.css?body=1" for 127.0.0.1 at 2013-10-20 18:36:26 -0700
Served asset /application.css - 304 Not Modified (0ms)


Started GET "/assets/schools.css?body=1" for 127.0.0.1 at 2013-10-20 18:36:26 -0700
Served asset /schools.css - 304 Not Modified (4ms)


Started GET "/assets/presurveys.css?body=1" for 127.0.0.1 at 2013-10-20 18:36:26 -0700
Served asset /presurveys.css - 304 Not Modified (1ms)


Started GET "/assets/postsurveys.css?body=1" for 127.0.0.1 at 2013-10-20 18:36:27 -0700
Served asset /postsurveys.css - 304 Not Modified (1ms)


Started GET "/assets/food_journals.css?body=1" for 127.0.0.1 at 2013-10-20 18:36:27 -0700
Served asset /food_journals.css - 304 Not Modified (1ms)


Started GET "/assets/bootstrap.min.css?body=1" for 127.0.0.1 at 2013-10-20 18:36:27 -0700
Served asset /bootstrap.min.css - 304 Not Modified (10ms)


Started GET "/assets/users.css?body=1" for 127.0.0.1 at 2013-10-20 18:36:27 -0700
Served asset /users.css - 304 Not Modified (19ms)


Started GET "/assets/jquery.js?body=1" for 127.0.0.1 at 2013-10-20 18:36:27 -0700
Served asset /jquery.js - 304 Not Modified (13ms)


Started GET "/assets/jquery_ujs.js?body=1" for 127.0.0.1 at 2013-10-20 18:36:27 -0700
Served asset /jquery_ujs.js - 304 Not Modified (16ms)


Started GET "/assets/food_journals.js?body=1" for 127.0.0.1 at 2013-10-20 18:36:27 -0700
Served asset /food_journals.js - 304 Not Modified (1ms)


Started GET "/assets/postsurveys.js?body=1" for 127.0.0.1 at 2013-10-20 18:36:27 -0700
Served asset /postsurveys.js - 304 Not Modified (12ms)


Started GET "/assets/presurveys.js?body=1" for 127.0.0.1 at 2013-10-20 18:36:27 -0700
Served asset /presurveys.js - 304 Not Modified (1ms)


Started GET "/assets/schools.js?body=1" for 127.0.0.1 at 2013-10-20 18:36:27 -0700
Served asset /schools.js - 304 Not Modified (1ms)


Started GET "/assets/application.js?body=1" for 127.0.0.1 at 2013-10-20 18:36:27 -0700
Served asset /application.js - 304 Not Modified (0ms)


Started GET "/assets/fm_icon.jpg" for 127.0.0.1 at 2013-10-20 18:36:27 -0700
Served asset /fm_icon.jpg - 304 Not Modified (1ms)


Started GET "/foodjournals/new" for 127.0.0.1 at 2013-10-20 18:37:21 -0700
  Processing by FoodJournalsController#new as HTML
  [1m[36mUser Load (0.1ms)[0m  [1mSELECT "users".* FROM "users" WHERE "users"."id" = 1 LIMIT 1[0m
  [1m[35mProfile Load (0.1ms)[0m  SELECT "profiles".* FROM "profiles" WHERE "profiles"."id" = 1 LIMIT 1
  [1m[36mSchool Load (0.2ms)[0m  [1mSELECT "schools".* FROM "schools" [0m
Rendered admin/_schools.html.haml (102.3ms)
Rendered food_journals/_servings.html.haml (3.9ms)
Rendered food_journals/_servings.html.haml (1.2ms)
Rendered food_journals/_servings.html.haml (0.9ms)
Rendered food_journals/new.html.haml within layouts/application (162.0ms)
Completed 200 OK in 289ms (Views: 168.2ms | ActiveRecord: 7.0ms)


Started GET "/assets/application.css?body=1" for 127.0.0.1 at 2013-10-20 18:37:21 -0700
Served asset /application.css - 304 Not Modified (8ms)


Started GET "/assets/schools.css?body=1" for 127.0.0.1 at 2013-10-20 18:37:21 -0700
Served asset /schools.css - 304 Not Modified (0ms)


Started GET "/assets/presurveys.css?body=1" for 127.0.0.1 at 2013-10-20 18:37:21 -0700
Served asset /presurveys.css - 304 Not Modified (0ms)


Started GET "/assets/postsurveys.css?body=1" for 127.0.0.1 at 2013-10-20 18:37:21 -0700
Served asset /postsurveys.css - 304 Not Modified (0ms)


Started GET "/assets/food_journals.css?body=1" for 127.0.0.1 at 2013-10-20 18:37:21 -0700
Served asset /food_journals.css - 304 Not Modified (0ms)


Started GET "/assets/bootstrap.min.css?body=1" for 127.0.0.1 at 2013-10-20 18:37:21 -0700
Served asset /bootstrap.min.css - 304 Not Modified (0ms)


Started GET "/assets/users.css?body=1" for 127.0.0.1 at 2013-10-20 18:37:21 -0700
Served asset /users.css - 304 Not Modified (9ms)


Started GET "/assets/food_journals.js?body=1" for 127.0.0.1 at 2013-10-20 18:37:22 -0700
Served asset /food_journals.js - 304 Not Modified (0ms)


Started GET "/assets/postsurveys.js?body=1" for 127.0.0.1 at 2013-10-20 18:37:22 -0700
Served asset /postsurveys.js - 304 Not Modified (0ms)


Started GET "/assets/jquery_ujs.js?body=1" for 127.0.0.1 at 2013-10-20 18:37:22 -0700
Served asset /jquery_ujs.js - 304 Not Modified (0ms)


Started GET "/assets/jquery.js?body=1" for 127.0.0.1 at 2013-10-20 18:37:22 -0700
Served asset /jquery.js - 304 Not Modified (0ms)


Started GET "/assets/presurveys.js?body=1" for 127.0.0.1 at 2013-10-20 18:37:22 -0700
Served asset /presurveys.js - 304 Not Modified (0ms)


Started GET "/assets/application.js?body=1" for 127.0.0.1 at 2013-10-20 18:37:22 -0700
Served asset /application.js - 304 Not Modified (0ms)


Started GET "/assets/schools.js?body=1" for 127.0.0.1 at 2013-10-20 18:37:22 -0700
Served asset /schools.js - 304 Not Modified (0ms)


Started GET "/assets/fm_icon.jpg" for 127.0.0.1 at 2013-10-20 18:37:22 -0700
Served asset /fm_icon.jpg - 304 Not Modified (0ms)


Started POST "/foodjournals" for 127.0.0.1 at 2013-10-20 18:37:50 -0700
  Processing by FoodJournalsController#create as HTML
  Parameters: {"utf8"=>"✓", "authenticity_token"=>"uVqTF5gWY7tY6Tf9QA6ymfBDWGfcwnv+6YhTG0cryGU=", "admin"=>{"school_id"=>"1"}, "food_journal"=>{"student_name"=>"Alvin", "week_num"=>"30000"}, "food_journal_week_1_fields"=>{"fruit"=>"0", "vegetable"=>"0", "sugary_drink"=>"9000", "water"=>"0"}, "food_journal_week_x_fields"=>{"fruit"=>"0", "vegetable"=>"0", "sugary_drink"=>"9000", "water"=>"0"}, "food_journal_week_8_fields"=>{"fruit"=>"0", "vegetable"=>"0", "sugary_drink"=>"9000", "water"=>"0"}, "commit"=>"Save Changes"}
  [1m[35mUser Load (0.1ms)[0m  SELECT "users".* FROM "users" WHERE "users"."id" = 1 LIMIT 1
  [1m[36mSchool Load (7.4ms)[0m  [1mSELECT "schools".* FROM "schools" WHERE "schools"."id" = ? LIMIT 1[0m  [["id", "1"]]
  [1m[35mSchoolSemester Load (7.6ms)[0m  SELECT "school_semesters".* FROM "school_semesters" WHERE "school_semesters"."id" = ? LIMIT 1  [["id", 1]]
  [1m[36mSQL (98.1ms)[0m  [1mINSERT INTO "food_journals" ("created_at", "fruit", "school_semester_id", "student_name", "sugary_drink", "updated_at", "vegetable", "water", "week_num") VALUES (?, ?, ?, ?, ?, ?, ?, ?, ?)[0m  [["created_at", Mon, 21 Oct 2013 01:37:51 UTC +00:00], ["fruit", 0], ["school_semester_id", 1], ["student_name", "Alvin"], ["sugary_drink", 9000], ["updated_at", Mon, 21 Oct 2013 01:37:51 UTC +00:00], ["vegetable", 0], ["water", 0], ["week_num", 1]]
  [1m[35mSchool Load (0.1ms)[0m  SELECT "schools".* FROM "schools" WHERE "schools"."id" = ? LIMIT 1  [["id", "1"]]
  [1m[36mSchoolSemester Load (0.1ms)[0m  [1mSELECT "school_semesters".* FROM "school_semesters" WHERE "school_semesters"."id" = ? LIMIT 1[0m  [["id", 1]]
  [1m[35mSQL (0.4ms)[0m  INSERT INTO "food_journals" ("created_at", "fruit", "school_semester_id", "student_name", "sugary_drink", "updated_at", "vegetable", "water", "week_num") VALUES (?, ?, ?, ?, ?, ?, ?, ?, ?)  [["created_at", Mon, 21 Oct 2013 01:37:51 UTC +00:00], ["fruit", 0], ["school_semester_id", 1], ["student_name", "Alvin"], ["sugary_drink", 9000], ["updated_at", Mon, 21 Oct 2013 01:37:51 UTC +00:00], ["vegetable", 0], ["water", 0], ["week_num", 30000]]
  [1m[36mSchool Load (0.1ms)[0m  [1mSELECT "schools".* FROM "schools" WHERE "schools"."id" = ? LIMIT 1[0m  [["id", "1"]]
  [1m[35mSchoolSemester Load (0.1ms)[0m  SELECT "school_semesters".* FROM "school_semesters" WHERE "school_semesters"."id" = ? LIMIT 1  [["id", 1]]
  [1m[36mSQL (0.4ms)[0m  [1mINSERT INTO "food_journals" ("created_at", "fruit", "school_semester_id", "student_name", "sugary_drink", "updated_at", "vegetable", "water", "week_num") VALUES (?, ?, ?, ?, ?, ?, ?, ?, ?)[0m  [["created_at", Mon, 21 Oct 2013 01:37:51 UTC +00:00], ["fruit", 0], ["school_semester_id", 1], ["student_name", "Alvin"], ["sugary_drink", 9000], ["updated_at", Mon, 21 Oct 2013 01:37:51 UTC +00:00], ["vegetable", 0], ["water", 0], ["week_num", 8]]
Redirected to http://localhost:3000/portal
Completed 302 Found in 540ms


Started GET "/portal" for 127.0.0.1 at 2013-10-20 18:37:51 -0700
  Processing by HomeController#portal as HTML
  [1m[35mUser Load (0.1ms)[0m  SELECT "users".* FROM "users" WHERE "users"."id" = 1 LIMIT 1
  [1m[36mProfile Load (21.9ms)[0m  [1mSELECT "profiles".* FROM "profiles" WHERE "profiles"."id" = 1 LIMIT 1[0m
  [1m[35mPresurvey::Part1 Load (0.2ms)[0m  SELECT "presurvey_part1s".* FROM "presurvey_part1s" 
  [1m[36mPresurvey::Part2 Load (0.2ms)[0m  [1mSELECT "presurvey_part2s".* FROM "presurvey_part2s" [0m
  [1m[35mPostsurvey Load (0.5ms)[0m  SELECT "postsurveys".* FROM "postsurveys" 
  [1m[36mFoodJournal Load (0.2ms)[0m  [1mSELECT "food_journals".* FROM "food_journals" [0m
Rendered home/_fj.html.haml (16.2ms)
Rendered home/_fj.html.haml (0.4ms)
Rendered home/_fj.html.haml (0.3ms)
Rendered home/portal.html.haml within layouts/application (187.8ms)
Completed 200 OK in 292ms (Views: 176.8ms | ActiveRecord: 25.8ms)


Started GET "/assets/application.css?body=1" for 127.0.0.1 at 2013-10-20 18:37:51 -0700
Served asset /application.css - 304 Not Modified (0ms)


Started GET "/assets/schools.css?body=1" for 127.0.0.1 at 2013-10-20 18:37:52 -0700
Served asset /schools.css - 304 Not Modified (0ms)


Started GET "/assets/presurveys.css?body=1" for 127.0.0.1 at 2013-10-20 18:37:52 -0700
Served asset /presurveys.css - 304 Not Modified (0ms)


Started GET "/assets/postsurveys.css?body=1" for 127.0.0.1 at 2013-10-20 18:37:52 -0700
Served asset /postsurveys.css - 304 Not Modified (2ms)


Started GET "/assets/food_journals.css?body=1" for 127.0.0.1 at 2013-10-20 18:37:52 -0700
Served asset /food_journals.css - 304 Not Modified (0ms)


Started GET "/assets/bootstrap.min.css?body=1" for 127.0.0.1 at 2013-10-20 18:37:52 -0700
Served asset /bootstrap.min.css - 304 Not Modified (0ms)


Started GET "/assets/users.css?body=1" for 127.0.0.1 at 2013-10-20 18:37:52 -0700
Served asset /users.css - 304 Not Modified (0ms)


Started GET "/assets/jquery.js?body=1" for 127.0.0.1 at 2013-10-20 18:37:52 -0700
Served asset /jquery.js - 304 Not Modified (0ms)


Started GET "/assets/jquery_ujs.js?body=1" for 127.0.0.1 at 2013-10-20 18:37:52 -0700
Served asset /jquery_ujs.js - 304 Not Modified (0ms)


Started GET "/assets/postsurveys.js?body=1" for 127.0.0.1 at 2013-10-20 18:37:52 -0700
Served asset /postsurveys.js - 304 Not Modified (0ms)


Started GET "/assets/food_journals.js?body=1" for 127.0.0.1 at 2013-10-20 18:37:52 -0700
Served asset /food_journals.js - 304 Not Modified (0ms)


Started GET "/assets/presurveys.js?body=1" for 127.0.0.1 at 2013-10-20 18:37:52 -0700
Served asset /presurveys.js - 304 Not Modified (0ms)


Started GET "/assets/schools.js?body=1" for 127.0.0.1 at 2013-10-20 18:37:52 -0700
Served asset /schools.js - 304 Not Modified (0ms)


Started GET "/assets/application.js?body=1" for 127.0.0.1 at 2013-10-20 18:37:52 -0700
Served asset /application.js - 304 Not Modified (0ms)


Started GET "/assets/fm_icon.jpg" for 127.0.0.1 at 2013-10-20 18:37:52 -0700
Served asset /fm_icon.jpg - 304 Not Modified (0ms)
