Compiled application.js  (2ms)  (pid 5632)
Compiled jquery.js  (1ms)  (pid 5632)
Compiled jquery_ujs.js  (0ms)  (pid 5632)
Compiled food_journals.js  (47ms)  (pid 5632)
Compiled postsurveys.js  (0ms)  (pid 5632)
Compiled presurveys.js  (0ms)  (pid 5632)
Compiled schools.js  (0ms)  (pid 5632)
Compiled application.css  (1ms)  (pid 5632)
Compiled bootstrap.min.css  (0ms)  (pid 5632)
Compiled food_journals.css  (31ms)  (pid 5632)
Compiled postsurveys.css  (1ms)  (pid 5632)
Compiled presurveys.css  (1ms)  (pid 5632)
Compiled schools.css  (1ms)  (pid 5632)
Compiled users.css  (0ms)  (pid 5632)
Compiled application.js  (2ms)  (pid 5628)
Compiled jquery.js  (1ms)  (pid 5628)
Compiled jquery_ujs.js  (0ms)  (pid 5628)
Compiled food_journals.js  (48ms)  (pid 5628)
Compiled postsurveys.js  (0ms)  (pid 5628)
Compiled presurveys.js  (0ms)  (pid 5628)
Compiled schools.js  (0ms)  (pid 5628)
Compiled application.css  (1ms)  (pid 5628)
Compiled bootstrap.min.css  (0ms)  (pid 5628)
Compiled food_journals.css  (32ms)  (pid 5628)
Compiled postsurveys.css  (1ms)  (pid 5628)
Compiled presurveys.css  (1ms)  (pid 5628)
Compiled schools.css  (2ms)  (pid 5628)
Compiled users.css  (0ms)  (pid 5628)
